0 info it worked if it ends with ok
1 verbose cli [ '/usr/local/bin/node',
1 verbose cli   '/usr/local/bin/npm',
1 verbose cli   'install',
1 verbose cli   'node-icu-charset-detector' ]
2 info using npm@3.10.8
3 info using node@v6.9.1
4 silly loadCurrentTree Starting
5 silly install loadCurrentTree
6 silly install readLocalPackageData
7 silly fetchPackageMetaData node-icu-charset-detector
8 silly fetchNamedPackageData node-icu-charset-detector
9 silly mapToRegistry name node-icu-charset-detector
10 silly mapToRegistry using default registry
11 silly mapToRegistry registry https://registry.npmjs.org/
12 silly mapToRegistry data Result {
12 silly mapToRegistry   raw: 'node-icu-charset-detector',
12 silly mapToRegistry   scope: null,
12 silly mapToRegistry   escapedName: 'node-icu-charset-detector',
12 silly mapToRegistry   name: 'node-icu-charset-detector',
12 silly mapToRegistry   rawSpec: '',
12 silly mapToRegistry   spec: 'latest',
12 silly mapToRegistry   type: 'tag' }
13 silly mapToRegistry uri https://registry.npmjs.org/node-icu-charset-detector
14 verbose request uri https://registry.npmjs.org/node-icu-charset-detector
15 verbose request no auth needed
16 info attempt registry request try #1 at 3:19:05 PM
17 verbose request id e5497fae97b9f15d
18 verbose etag W/"5731e613-4c62"
19 verbose lastModified Tue, 10 May 2016 13:45:55 GMT
20 http request GET https://registry.npmjs.org/node-icu-charset-detector
21 http 304 https://registry.npmjs.org/node-icu-charset-detector
22 verbose headers { date: 'Sat, 11 Mar 2017 20:19:06 GMT',
22 verbose headers   via: '1.1 varnish',
22 verbose headers   'cache-control': 'max-age=300',
22 verbose headers   etag: 'W/"5731e613-4c62"',
22 verbose headers   age: '81',
22 verbose headers   connection: 'keep-alive',
22 verbose headers   'x-served-by': 'cache-jfk8125-JFK',
22 verbose headers   'x-cache': 'HIT',
22 verbose headers   'x-cache-hits': '1',
22 verbose headers   'x-timer': 'S1489263546.713131,VS0,VE0',
22 verbose headers   vary: 'Accept-Encoding' }
23 silly get cb [ 304,
23 silly get   { date: 'Sat, 11 Mar 2017 20:19:06 GMT',
23 silly get     via: '1.1 varnish',
23 silly get     'cache-control': 'max-age=300',
23 silly get     etag: 'W/"5731e613-4c62"',
23 silly get     age: '81',
23 silly get     connection: 'keep-alive',
23 silly get     'x-served-by': 'cache-jfk8125-JFK',
23 silly get     'x-cache': 'HIT',
23 silly get     'x-cache-hits': '1',
23 silly get     'x-timer': 'S1489263546.713131,VS0,VE0',
23 silly get     vary: 'Accept-Encoding' } ]
24 verbose etag https://registry.npmjs.org/node-icu-charset-detector from cache
25 verbose get saving node-icu-charset-detector to /Users/danpark487/.npm/registry.npmjs.org/node-icu-charset-detector/.cache.json
26 verbose correctMkdir /Users/danpark487/.npm correctMkdir not in flight; initializing
27 silly install normalizeTree
28 silly loadCurrentTree Finishing
29 silly loadIdealTree Starting
30 silly install loadIdealTree
31 silly cloneCurrentTree Starting
32 silly install cloneCurrentTreeToIdealTree
33 silly cloneCurrentTree Finishing
34 silly loadShrinkwrap Starting
35 silly install loadShrinkwrap
36 silly loadShrinkwrap Finishing
37 silly loadAllDepsIntoIdealTree Starting
38 silly install loadAllDepsIntoIdealTree
39 silly resolveWithNewModule node-icu-charset-detector@0.2.0 checking installable status
40 silly cache add args [ 'node-icu-charset-detector', null ]
41 verbose cache add spec node-icu-charset-detector
42 silly cache add parsed spec Result {
42 silly cache add   raw: 'node-icu-charset-detector',
42 silly cache add   scope: null,
42 silly cache add   escapedName: 'node-icu-charset-detector',
42 silly cache add   name: 'node-icu-charset-detector',
42 silly cache add   rawSpec: '',
42 silly cache add   spec: 'latest',
42 silly cache add   type: 'tag' }
43 silly addNamed node-icu-charset-detector@latest
44 verbose addNamed "latest" is being treated as a dist-tag for node-icu-charset-detector
45 info addNameTag [ 'node-icu-charset-detector', 'latest' ]
46 silly mapToRegistry name node-icu-charset-detector
47 silly mapToRegistry using default registry
48 silly mapToRegistry registry https://registry.npmjs.org/
49 silly mapToRegistry data Result {
49 silly mapToRegistry   raw: 'node-icu-charset-detector',
49 silly mapToRegistry   scope: null,
49 silly mapToRegistry   escapedName: 'node-icu-charset-detector',
49 silly mapToRegistry   name: 'node-icu-charset-detector',
49 silly mapToRegistry   rawSpec: '',
49 silly mapToRegistry   spec: 'latest',
49 silly mapToRegistry   type: 'tag' }
50 silly mapToRegistry uri https://registry.npmjs.org/node-icu-charset-detector
51 verbose addNameTag registry:https://registry.npmjs.org/node-icu-charset-detector not in flight; fetching
52 verbose get https://registry.npmjs.org/node-icu-charset-detector not expired, no request
53 silly addNameTag next cb for node-icu-charset-detector with tag latest
54 silly addNamed node-icu-charset-detector@0.2.0
55 verbose addNamed "0.2.0" is a plain semver version for node-icu-charset-detector
56 silly cache afterAdd node-icu-charset-detector@0.2.0
57 verbose afterAdd /Users/danpark487/.npm/node-icu-charset-detector/0.2.0/package/package.json not in flight; writing
58 verbose correctMkdir /Users/danpark487/.npm correctMkdir not in flight; initializing
59 verbose afterAdd /Users/danpark487/.npm/node-icu-charset-detector/0.2.0/package/package.json written
60 silly loadAllDepsIntoIdealTree Finishing
61 silly loadIdealTree Finishing
62 silly currentTree stackathon@1.0.0
62 silly currentTree ├── abbrev@1.1.0
62 silly currentTree ├── accepts@1.3.3
62 silly currentTree ├── acorn-dynamic-import@2.0.2
62 silly currentTree ├── acorn@4.0.11
62 silly currentTree ├── after@0.8.2
62 silly currentTree ├── ajv-keywords@1.5.1
62 silly currentTree ├── ajv@4.11.4
62 silly currentTree ├── align-text@0.1.4
62 silly currentTree ├── ansi-regex@2.1.1
62 silly currentTree ├── ansi-styles@2.2.1
62 silly currentTree ├── anymatch@1.3.0
62 silly currentTree ├── arr-diff@2.0.0
62 silly currentTree ├── arr-flatten@1.0.1
62 silly currentTree ├── array-find-index@1.0.2
62 silly currentTree ├── array-flatten@1.1.1
62 silly currentTree ├── array-unique@0.2.1
62 silly currentTree ├── arraybuffer.slice@0.0.6
62 silly currentTree ├── arrify@1.0.1
62 silly currentTree ├── asap@2.0.5
62 silly currentTree ├── asn1.js@4.9.1
62 silly currentTree ├── asn1@0.2.3
62 silly currentTree ├── assert-plus@0.2.0
62 silly currentTree ├── assert@1.4.1
62 silly currentTree ├── async-each@1.0.1
62 silly currentTree ├── async@1.5.2
62 silly currentTree ├── asynckit@0.4.0
62 silly currentTree ├── aws-sign2@0.6.0
62 silly currentTree ├── aws4@1.6.0
62 silly currentTree ├── axios@0.15.3
62 silly currentTree ├── babel-code-frame@6.22.0
62 silly currentTree ├─┬ babel-core@6.23.1
62 silly currentTree │ └── lodash@4.17.4
62 silly currentTree ├─┬ babel-generator@6.23.0
62 silly currentTree │ ├── jsesc@1.3.0
62 silly currentTree │ └── lodash@4.17.4
62 silly currentTree ├─┬ babel-helper-builder-react-jsx@6.23.0
62 silly currentTree │ └── lodash@4.17.4
62 silly currentTree ├── babel-helper-call-delegate@6.22.0
62 silly currentTree ├─┬ babel-helper-define-map@6.23.0
62 silly currentTree │ └── lodash@4.17.4
62 silly currentTree ├── babel-helper-function-name@6.23.0
62 silly currentTree ├── babel-helper-get-function-arity@6.22.0
62 silly currentTree ├── babel-helper-hoist-variables@6.22.0
62 silly currentTree ├── babel-helper-optimise-call-expression@6.23.0
62 silly currentTree ├─┬ babel-helper-regex@6.22.0
62 silly currentTree │ └── lodash@4.17.4
62 silly currentTree ├── babel-helper-replace-supers@6.23.0
62 silly currentTree ├── babel-helpers@6.23.0
62 silly currentTree ├─┬ babel-loader@6.4.0
62 silly currentTree │ └── mkdirp@0.5.1
62 silly currentTree ├── babel-messages@6.23.0
62 silly currentTree ├── babel-plugin-check-es2015-constants@6.22.0
62 silly currentTree ├── babel-plugin-syntax-flow@6.18.0
62 silly currentTree ├── babel-plugin-syntax-jsx@6.18.0
62 silly currentTree ├── babel-plugin-transform-es2015-arrow-functions@6.22.0
62 silly currentTree ├── babel-plugin-transform-es2015-block-scoped-functions@6.22.0
62 silly currentTree ├─┬ babel-plugin-transform-es2015-block-scoping@6.23.0
62 silly currentTree │ └── lodash@4.17.4
62 silly currentTree ├── babel-plugin-transform-es2015-classes@6.23.0
62 silly currentTree ├── babel-plugin-transform-es2015-computed-properties@6.22.0
62 silly currentTree ├── babel-plugin-transform-es2015-destructuring@6.23.0
62 silly currentTree ├── babel-plugin-transform-es2015-duplicate-keys@6.22.0
62 silly currentTree ├── babel-plugin-transform-es2015-for-of@6.23.0
62 silly currentTree ├── babel-plugin-transform-es2015-function-name@6.22.0
62 silly currentTree ├── babel-plugin-transform-es2015-literals@6.22.0
62 silly currentTree ├── babel-plugin-transform-es2015-modules-amd@6.22.0
62 silly currentTree ├── babel-plugin-transform-es2015-modules-commonjs@6.23.0
62 silly currentTree ├── babel-plugin-transform-es2015-modules-systemjs@6.23.0
62 silly currentTree ├── babel-plugin-transform-es2015-modules-umd@6.23.0
62 silly currentTree ├── babel-plugin-transform-es2015-object-super@6.22.0
62 silly currentTree ├── babel-plugin-transform-es2015-parameters@6.23.0
62 silly currentTree ├── babel-plugin-transform-es2015-shorthand-properties@6.22.0
62 silly currentTree ├── babel-plugin-transform-es2015-spread@6.22.0
62 silly currentTree ├── babel-plugin-transform-es2015-sticky-regex@6.22.0
62 silly currentTree ├── babel-plugin-transform-es2015-template-literals@6.22.0
62 silly currentTree ├── babel-plugin-transform-es2015-typeof-symbol@6.23.0
62 silly currentTree ├── babel-plugin-transform-es2015-unicode-regex@6.22.0
62 silly currentTree ├── babel-plugin-transform-flow-strip-types@6.22.0
62 silly currentTree ├── babel-plugin-transform-react-display-name@6.23.0
62 silly currentTree ├── babel-plugin-transform-react-jsx-self@6.22.0
62 silly currentTree ├── babel-plugin-transform-react-jsx-source@6.22.0
62 silly currentTree ├── babel-plugin-transform-react-jsx@6.23.0
62 silly currentTree ├── babel-plugin-transform-regenerator@6.22.0
62 silly currentTree ├── babel-plugin-transform-strict-mode@6.22.0
62 silly currentTree ├── babel-preset-es2015@6.22.0
62 silly currentTree ├── babel-preset-flow@6.23.0
62 silly currentTree ├── babel-preset-react@6.23.0
62 silly currentTree ├─┬ babel-register@6.23.0
62 silly currentTree │ ├── lodash@4.17.4
62 silly currentTree │ └── mkdirp@0.5.1
62 silly currentTree ├── babel-runtime@6.23.0
62 silly currentTree ├─┬ babel-template@6.23.0
62 silly currentTree │ └── lodash@4.17.4
62 silly currentTree ├─┬ babel-traverse@6.23.1
62 silly currentTree │ └── lodash@4.17.4
62 silly currentTree ├─┬ babel-types@6.23.0
62 silly currentTree │ └── lodash@4.17.4
62 silly currentTree ├── babylon@6.16.1
62 silly currentTree ├── backo2@1.0.2
62 silly currentTree ├── balanced-match@0.4.2
62 silly currentTree ├── base64-arraybuffer@0.1.5
62 silly currentTree ├── base64-js@1.2.0
62 silly currentTree ├── base64id@1.0.0
62 silly currentTree ├── basic-auth@1.1.0
62 silly currentTree ├── bcrypt-pbkdf@1.0.1
62 silly currentTree ├── better-assert@1.0.2
62 silly currentTree ├── big.js@3.1.3
62 silly currentTree ├── binary-extensions@1.8.0
62 silly currentTree ├── bindings@1.2.1
62 silly currentTree ├─┬ bl@1.0.3
62 silly currentTree │ ├── isarray@1.0.0
62 silly currentTree │ └── readable-stream@2.0.6
62 silly currentTree ├── blob@0.0.4
62 silly currentTree ├── bn.js@4.11.6
62 silly currentTree ├── body-parser@1.17.1
62 silly currentTree ├── boolbase@1.0.0
62 silly currentTree ├── boom@2.10.1
62 silly currentTree ├── brace-expansion@1.1.6
62 silly currentTree ├── braces@1.8.5
62 silly currentTree ├── brorand@1.1.0
62 silly currentTree ├── browserify-aes@1.0.6
62 silly currentTree ├── browserify-cipher@1.0.0
62 silly currentTree ├── browserify-des@1.0.0
62 silly currentTree ├── browserify-rsa@4.0.1
62 silly currentTree ├── browserify-sign@4.0.0
62 silly currentTree ├── browserify-zlib@0.1.4
62 silly currentTree ├── buffer-shims@1.0.0
62 silly currentTree ├── buffer-xor@1.0.3
62 silly currentTree ├─┬ buffer@4.9.1
62 silly currentTree │ └── isarray@1.0.0
62 silly currentTree ├── builtin-modules@1.1.1
62 silly currentTree ├── builtin-status-codes@3.0.0
62 silly currentTree ├── bytes@2.4.0
62 silly currentTree ├── callsite@1.0.0
62 silly currentTree ├── camelcase-keys@2.1.0
62 silly currentTree ├── camelcase@2.1.1
62 silly currentTree ├── caseless@0.12.0
62 silly currentTree ├── center-align@0.1.3
62 silly currentTree ├── chalk@1.1.3
62 silly currentTree ├─┬ cheerio@0.22.0
62 silly currentTree │ └── lodash.defaults@4.2.0
62 silly currentTree ├── chokidar@1.6.1
62 silly currentTree ├── cipher-base@1.0.3
62 silly currentTree ├── cliui@2.1.0
62 silly currentTree ├── clone@1.0.2
62 silly currentTree ├── co@4.6.0
62 silly currentTree ├── code-point-at@1.1.0
62 silly currentTree ├── colors@1.0.3
62 silly currentTree ├── combined-stream@1.0.5
62 silly currentTree ├── commander@2.9.0
62 silly currentTree ├── commondir@1.0.1
62 silly currentTree ├── component-bind@1.0.0
62 silly currentTree ├── component-emitter@1.1.2
62 silly currentTree ├── component-inherit@0.0.3
62 silly currentTree ├── concat-map@0.0.1
62 silly currentTree ├─┬ concat-stream@1.5.0
62 silly currentTree │ ├── isarray@1.0.0
62 silly currentTree │ └── readable-stream@2.0.6
62 silly currentTree ├─┬ configstore@1.4.0
62 silly currentTree │ └── uuid@2.0.3
62 silly currentTree ├── console-browserify@1.1.0
62 silly currentTree ├── constants-browserify@1.0.0
62 silly currentTree ├── content-disposition@0.5.2
62 silly currentTree ├── content-type@1.0.2
62 silly currentTree ├── convert-source-map@1.1.3
62 silly currentTree ├── cookie-signature@1.0.6
62 silly currentTree ├── cookie@0.3.1
62 silly currentTree ├── core-js@2.4.1
62 silly currentTree ├── core-util-is@1.0.2
62 silly currentTree ├── create-ecdh@4.0.0
62 silly currentTree ├── create-hash@1.1.2
62 silly currentTree ├── create-hmac@1.1.4
62 silly currentTree ├── cryptiles@2.0.5
62 silly currentTree ├── crypto-browserify@3.11.0
62 silly currentTree ├── css-select@1.2.0
62 silly currentTree ├── css-what@2.1.0
62 silly currentTree ├── currently-unhandled@0.4.1
62 silly currentTree ├── cycle@1.0.3
62 silly currentTree ├─┬ dashdash@1.14.1
62 silly currentTree │ └── assert-plus@1.0.0
62 silly currentTree ├── date-now@0.1.4
62 silly currentTree ├── debug@2.6.1
62 silly currentTree ├── decamelize@1.2.0
62 silly currentTree ├─┬ deep-defaults@1.0.4
62 silly currentTree │ └── lodash@3.0.1
62 silly currentTree ├── deep-extend@0.4.1
62 silly currentTree ├── defaults@1.0.3
62 silly currentTree ├── delayed-stream@1.0.0
62 silly currentTree ├── depd@1.1.0
62 silly currentTree ├── des.js@1.0.0
62 silly currentTree ├── destroy@1.0.4
62 silly currentTree ├── detect-indent@4.0.0
62 silly currentTree ├── diffie-hellman@5.0.2
62 silly currentTree ├── dnode-protocol@0.2.2
62 silly currentTree ├── dnode@1.2.2
62 silly currentTree ├─┬ dom-serializer@0.1.0
62 silly currentTree │ └── domelementtype@1.1.3
62 silly currentTree ├── domain-browser@1.1.7
62 silly currentTree ├── domelementtype@1.3.0
62 silly currentTree ├── domhandler@2.3.0
62 silly currentTree ├── domutils@1.5.1
62 silly currentTree ├── duplexer@0.1.1
62 silly currentTree ├─┬ duplexify@3.5.0
62 silly currentTree │ ├── isarray@1.0.0
62 silly currentTree │ └── readable-stream@2.2.3
62 silly currentTree ├── ecc-jsbn@0.1.1
62 silly currentTree ├── ee-first@1.1.1
62 silly currentTree ├─┬ electron-download@3.3.0
62 silly currentTree │ ├── fs-extra@0.30.0
62 silly currentTree │ └── minimist@1.2.0
62 silly currentTree ├── electron@1.6.2
62 silly currentTree ├── elliptic@6.4.0
62 silly currentTree ├── emojis-list@2.1.0
62 silly currentTree ├── encodeurl@1.0.1
62 silly currentTree ├── encoding@0.1.12
62 silly currentTree ├─┬ end-of-stream@1.0.0
62 silly currentTree │ └── once@1.3.3
62 silly currentTree ├─┬ engine.io-client@1.8.3
62 silly currentTree │ ├── component-emitter@1.2.1
62 silly currentTree │ ├── debug@2.3.3
62 silly currentTree │ └── ws@1.1.2
62 silly currentTree ├── engine.io-parser@1.3.2
62 silly currentTree ├─┬ engine.io@1.8.3
62 silly currentTree │ ├── debug@2.3.3
62 silly currentTree │ └── ws@1.1.2
62 silly currentTree ├── enhanced-resolve@3.1.0
62 silly currentTree ├─┬ enqueue@1.0.2
62 silly currentTree │ └── sliced@0.0.5
62 silly currentTree ├── entities@1.1.1
62 silly currentTree ├── errno@0.1.4
62 silly currentTree ├── error-ex@1.3.1
62 silly currentTree ├── es6-promise@4.0.5
62 silly currentTree ├── escape-html@1.0.3
62 silly currentTree ├── escape-string-regexp@1.0.5
62 silly currentTree ├── esutils@2.0.2
62 silly currentTree ├── etag@1.8.0
62 silly currentTree ├─┬ event-stream@3.3.4
62 silly currentTree │ └── split@0.3.3
62 silly currentTree ├── events@1.1.1
62 silly currentTree ├── evp_bytestokey@1.0.0
62 silly currentTree ├── expand-brackets@0.1.5
62 silly currentTree ├── expand-range@1.8.2
62 silly currentTree ├── express@4.15.2
62 silly currentTree ├── extend@3.0.0
62 silly currentTree ├── extglob@0.3.2
62 silly currentTree ├─┬ extract-zip@1.5.0
62 silly currentTree │ └── debug@0.7.4
62 silly currentTree ├── extsprintf@1.0.2
62 silly currentTree ├── eyes@0.1.8
62 silly currentTree ├── faye-websocket@0.4.4
62 silly currentTree ├─┬ fbjs@0.8.9
62 silly currentTree │ └── core-js@1.2.7
62 silly currentTree ├── fd-slicer@1.0.1
62 silly currentTree ├── filename-regex@2.0.0
62 silly currentTree ├── fill-range@2.2.3
62 silly currentTree ├── finalhandler@1.0.0
62 silly currentTree ├─┬ find-cache-dir@0.1.1
62 silly currentTree │ └── mkdirp@0.5.1
62 silly currentTree ├── find-up@1.1.2
62 silly currentTree ├── follow-redirects@1.0.0
62 silly currentTree ├── for-in@1.0.2
62 silly currentTree ├── for-own@0.1.5
62 silly currentTree ├── forever-agent@0.6.1
62 silly currentTree ├── form-data@2.1.2
62 silly currentTree ├── forwarded@0.1.0
62 silly currentTree ├── fresh@0.5.0
62 silly currentTree ├── from@0.1.3
62 silly currentTree ├── fs-extra@0.26.7
62 silly currentTree ├── fs.realpath@1.0.0
62 silly currentTree ├─┬ fsevents@1.1.1
62 silly currentTree │ ├── abbrev@1.1.0
62 silly currentTree │ ├── ansi-regex@2.1.1
62 silly currentTree │ ├── ansi-styles@2.2.1
62 silly currentTree │ ├── aproba@1.1.1
62 silly currentTree │ ├── are-we-there-yet@1.1.2
62 silly currentTree │ ├── asn1@0.2.3
62 silly currentTree │ ├── assert-plus@0.2.0
62 silly currentTree │ ├── asynckit@0.4.0
62 silly currentTree │ ├── aws-sign2@0.6.0
62 silly currentTree │ ├── aws4@1.6.0
62 silly currentTree │ ├── balanced-match@0.4.2
62 silly currentTree │ ├── bcrypt-pbkdf@1.0.1
62 silly currentTree │ ├── block-stream@0.0.9
62 silly currentTree │ ├── boom@2.10.1
62 silly currentTree │ ├── brace-expansion@1.1.6
62 silly currentTree │ ├── buffer-shims@1.0.0
62 silly currentTree │ ├── caseless@0.11.0
62 silly currentTree │ ├── chalk@1.1.3
62 silly currentTree │ ├── code-point-at@1.1.0
62 silly currentTree │ ├── combined-stream@1.0.5
62 silly currentTree │ ├── commander@2.9.0
62 silly currentTree │ ├── concat-map@0.0.1
62 silly currentTree │ ├── console-control-strings@1.1.0
62 silly currentTree │ ├── core-util-is@1.0.2
62 silly currentTree │ ├── cryptiles@2.0.5
62 silly currentTree │ ├─┬ dashdash@1.14.1
62 silly currentTree │ │ └── assert-plus@1.0.0
62 silly currentTree │ ├── debug@2.2.0
62 silly currentTree │ ├── deep-extend@0.4.1
62 silly currentTree │ ├── delayed-stream@1.0.0
62 silly currentTree │ ├── delegates@1.0.0
62 silly currentTree │ ├── ecc-jsbn@0.1.1
62 silly currentTree │ ├── escape-string-regexp@1.0.5
62 silly currentTree │ ├── extend@3.0.0
62 silly currentTree │ ├── extsprintf@1.0.2
62 silly currentTree │ ├── forever-agent@0.6.1
62 silly currentTree │ ├── form-data@2.1.2
62 silly currentTree │ ├── fs.realpath@1.0.0
62 silly currentTree │ ├── fstream-ignore@1.0.5
62 silly currentTree │ ├── fstream@1.0.10
62 silly currentTree │ ├── gauge@2.7.3
62 silly currentTree │ ├── generate-function@2.0.0
62 silly currentTree │ ├── generate-object-property@1.2.0
62 silly currentTree │ ├─┬ getpass@0.1.6
62 silly currentTree │ │ └── assert-plus@1.0.0
62 silly currentTree │ ├── glob@7.1.1
62 silly currentTree │ ├── graceful-fs@4.1.11
62 silly currentTree │ ├── graceful-readlink@1.0.1
62 silly currentTree │ ├── har-validator@2.0.6
62 silly currentTree │ ├── has-ansi@2.0.0
62 silly currentTree │ ├── has-unicode@2.0.1
62 silly currentTree │ ├── hawk@3.1.3
62 silly currentTree │ ├── hoek@2.16.3
62 silly currentTree │ ├── http-signature@1.1.1
62 silly currentTree │ ├── inflight@1.0.6
62 silly currentTree │ ├── inherits@2.0.3
62 silly currentTree │ ├── ini@1.3.4
62 silly currentTree │ ├── is-fullwidth-code-point@1.0.0
62 silly currentTree │ ├── is-my-json-valid@2.15.0
62 silly currentTree │ ├── is-property@1.0.2
62 silly currentTree │ ├── is-typedarray@1.0.0
62 silly currentTree │ ├── isarray@1.0.0
62 silly currentTree │ ├── isstream@0.1.2
62 silly currentTree │ ├── jodid25519@1.0.2
62 silly currentTree │ ├── jsbn@0.1.1
62 silly currentTree │ ├── json-schema@0.2.3
62 silly currentTree │ ├── json-stringify-safe@5.0.1
62 silly currentTree │ ├── jsonpointer@4.0.1
62 silly currentTree │ ├── jsprim@1.3.1
62 silly currentTree │ ├── mime-db@1.26.0
62 silly currentTree │ ├── mime-types@2.1.14
62 silly currentTree │ ├── minimatch@3.0.3
62 silly currentTree │ ├── minimist@0.0.8
62 silly currentTree │ ├── mkdirp@0.5.1
62 silly currentTree │ ├── ms@0.7.1
62 silly currentTree │ ├── node-pre-gyp@0.6.33
62 silly currentTree │ ├── nopt@3.0.6
62 silly currentTree │ ├── npmlog@4.0.2
62 silly currentTree │ ├── number-is-nan@1.0.1
62 silly currentTree │ ├── oauth-sign@0.8.2
62 silly currentTree │ ├── object-assign@4.1.1
62 silly currentTree │ ├── once@1.4.0
62 silly currentTree │ ├── path-is-absolute@1.0.1
62 silly currentTree │ ├── pinkie-promise@2.0.1
62 silly currentTree │ ├── pinkie@2.0.4
62 silly currentTree │ ├── process-nextick-args@1.0.7
62 silly currentTree │ ├── punycode@1.4.1
62 silly currentTree │ ├── qs@6.3.1
62 silly currentTree │ ├─┬ rc@1.1.7
62 silly currentTree │ │ └── minimist@1.2.0
62 silly currentTree │ ├── readable-stream@2.2.2
62 silly currentTree │ ├── request@2.79.0
62 silly currentTree │ ├── rimraf@2.5.4
62 silly currentTree │ ├── semver@5.3.0
62 silly currentTree │ ├── set-blocking@2.0.0
62 silly currentTree │ ├── signal-exit@3.0.2
62 silly currentTree │ ├── sntp@1.0.9
62 silly currentTree │ ├─┬ sshpk@1.10.2
62 silly currentTree │ │ └── assert-plus@1.0.0
62 silly currentTree │ ├── string_decoder@0.10.31
62 silly currentTree │ ├── string-width@1.0.2
62 silly currentTree │ ├── stringstream@0.0.5
62 silly currentTree │ ├── strip-ansi@3.0.1
62 silly currentTree │ ├── strip-json-comments@2.0.1
62 silly currentTree │ ├── supports-color@2.0.0
62 silly currentTree │ ├─┬ tar-pack@3.3.0
62 silly currentTree │ │ ├── once@1.3.3
62 silly currentTree │ │ └── readable-stream@2.1.5
62 silly currentTree │ ├── tar@2.2.1
62 silly currentTree │ ├── tough-cookie@2.3.2
62 silly currentTree │ ├── tunnel-agent@0.4.3
62 silly currentTree │ ├── tweetnacl@0.14.5
62 silly currentTree │ ├── uid-number@0.0.6
62 silly currentTree │ ├── util-deprecate@1.0.2
62 silly currentTree │ ├── uuid@3.0.1
62 silly currentTree │ ├── verror@1.3.6
62 silly currentTree │ ├── wide-align@1.1.0
62 silly currentTree │ ├── wrappy@1.0.2
62 silly currentTree │ └── xtend@4.0.1
62 silly currentTree ├── function-source@0.1.0
62 silly currentTree ├── generate-function@2.0.0
62 silly currentTree ├── generate-object-property@1.2.0
62 silly currentTree ├── get-caller-file@1.0.2
62 silly currentTree ├── get-stdin@4.0.1
62 silly currentTree ├─┬ getpass@0.1.6
62 silly currentTree │ └── assert-plus@1.0.0
62 silly currentTree ├── glob-base@0.3.0
62 silly currentTree ├── glob-parent@2.0.0
62 silly currentTree ├── glob@7.1.1
62 silly currentTree ├── globals@9.16.0
62 silly currentTree ├─┬ got@3.3.1
62 silly currentTree │ └── object-assign@3.0.0
62 silly currentTree ├── graceful-fs@4.1.11
62 silly currentTree ├── graceful-readlink@1.0.1
62 silly currentTree ├── har-schema@1.0.5
62 silly currentTree ├── har-validator@4.2.1
62 silly currentTree ├── has-ansi@2.0.0
62 silly currentTree ├── has-binary@0.1.7
62 silly currentTree ├── has-cors@1.1.0
62 silly currentTree ├── has-flag@1.0.0
62 silly currentTree ├── hash.js@1.0.3
62 silly currentTree ├── hasha@2.2.0
62 silly currentTree ├── hawk@3.1.3
62 silly currentTree ├── hmac-drbg@1.0.0
62 silly currentTree ├── hoek@2.16.3
62 silly currentTree ├── home-or-tmp@2.0.0
62 silly currentTree ├── home-path@1.0.3
62 silly currentTree ├── hosted-git-info@2.2.0
62 silly currentTree ├─┬ htmlparser2@3.9.2
62 silly currentTree │ ├── isarray@1.0.0
62 silly currentTree │ └── readable-stream@2.2.3
62 silly currentTree ├── http-errors@1.6.1
62 silly currentTree ├── http-signature@1.1.1
62 silly currentTree ├── https-browserify@0.0.1
62 silly currentTree ├── iconv-lite@0.4.15
62 silly currentTree ├── iconv@2.2.1
62 silly currentTree ├── ieee754@1.1.8
62 silly currentTree ├── ignore-by-default@1.0.1
62 silly currentTree ├── imurmurhash@0.1.4
62 silly currentTree ├── indent-string@2.1.0
62 silly currentTree ├── indexof@0.0.1
62 silly currentTree ├── infinity-agent@2.0.3
62 silly currentTree ├── inflight@1.0.6
62 silly currentTree ├── inherits@2.0.3
62 silly currentTree ├── ini@1.3.4
62 silly currentTree ├── interpret@1.0.1
62 silly currentTree ├── invariant@2.2.2
62 silly currentTree ├── invert-kv@1.0.0
62 silly currentTree ├── ipaddr.js@1.2.0
62 silly currentTree ├── irc-colors@1.3.2
62 silly currentTree ├── irc@0.5.2
62 silly currentTree ├── is-arrayish@0.2.1
62 silly currentTree ├── is-binary-path@1.0.1
62 silly currentTree ├── is-buffer@1.1.4
62 silly currentTree ├── is-builtin-module@1.0.0
62 silly currentTree ├── is-dotfile@1.0.2
62 silly currentTree ├── is-equal-shallow@0.1.3
62 silly currentTree ├── is-extendable@0.1.1
62 silly currentTree ├── is-extglob@1.0.0
62 silly currentTree ├── is-finite@1.0.2
62 silly currentTree ├── is-fullwidth-code-point@1.0.0
62 silly currentTree ├── is-glob@2.0.1
62 silly currentTree ├── is-my-json-valid@2.16.0
62 silly currentTree ├── is-npm@1.0.0
62 silly currentTree ├── is-number@2.1.0
62 silly currentTree ├── is-posix-bracket@0.1.1
62 silly currentTree ├── is-primitive@2.0.0
62 silly currentTree ├── is-property@1.0.2
62 silly currentTree ├── is-redirect@1.0.0
62 silly currentTree ├── is-stream@1.1.0
62 silly currentTree ├── is-typedarray@1.0.0
62 silly currentTree ├── is-utf8@0.2.1
62 silly currentTree ├── isarray@0.0.1
62 silly currentTree ├── isexe@1.1.2
62 silly currentTree ├─┬ isobject@2.1.0
62 silly currentTree │ └── isarray@1.0.0
62 silly currentTree ├── isomorphic-fetch@2.2.1
62 silly currentTree ├── isstream@0.1.2
62 silly currentTree ├── jodid25519@1.0.2
62 silly currentTree ├── jquery@2.2.4
62 silly currentTree ├── js-tokens@3.0.1
62 silly currentTree ├── jsbn@0.1.1
62 silly currentTree ├── jsesc@0.5.0
62 silly currentTree ├── json-loader@0.5.4
62 silly currentTree ├── json-schema@0.2.3
62 silly currentTree ├── json-stable-stringify@1.0.1
62 silly currentTree ├── json-stringify-safe@5.0.1
62 silly currentTree ├── json3@3.3.2
62 silly currentTree ├── json5@0.5.1
62 silly currentTree ├── jsonfile@2.4.0
62 silly currentTree ├── jsonify@0.0.0
62 silly currentTree ├── jsonpointer@4.0.1
62 silly currentTree ├── jsprim@1.3.1
62 silly currentTree ├── kew@0.7.0
62 silly currentTree ├── keypress@0.1.0
62 silly currentTree ├── kind-of@3.1.0
62 silly currentTree ├── klaw@1.3.1
62 silly currentTree ├── latest-version@1.0.1
62 silly currentTree ├── lazy-cache@1.0.4
62 silly currentTree ├── lcid@1.0.0
62 silly currentTree ├── load-json-file@1.1.0
62 silly currentTree ├── loader-runner@2.3.0
62 silly currentTree ├── loader-utils@0.2.17
62 silly currentTree ├── lodash._baseassign@3.2.0
62 silly currentTree ├── lodash._basecopy@3.0.1
62 silly currentTree ├── lodash._bindcallback@3.0.1
62 silly currentTree ├── lodash._createassigner@3.1.1
62 silly currentTree ├── lodash._getnative@3.9.1
62 silly currentTree ├── lodash._isiterateecall@3.0.9
62 silly currentTree ├── lodash.assign@3.2.0
62 silly currentTree ├── lodash.assignin@4.2.0
62 silly currentTree ├── lodash.bind@4.2.1
62 silly currentTree ├── lodash.defaults@3.1.2
62 silly currentTree ├── lodash.filter@4.6.0
62 silly currentTree ├── lodash.flatten@4.4.0
62 silly currentTree ├── lodash.foreach@4.5.0
62 silly currentTree ├── lodash.isarguments@3.1.0
62 silly currentTree ├── lodash.isarray@3.0.4
62 silly currentTree ├── lodash.keys@3.1.2
62 silly currentTree ├── lodash.map@4.6.0
62 silly currentTree ├── lodash.merge@4.6.0
62 silly currentTree ├── lodash.pick@4.4.0
62 silly currentTree ├── lodash.reduce@4.6.0
62 silly currentTree ├── lodash.reject@4.6.0
62 silly currentTree ├── lodash.restparam@3.6.1
62 silly currentTree ├── lodash.some@4.6.0
62 silly currentTree ├── lodash@3.10.1
62 silly currentTree ├── longest@1.0.1
62 silly currentTree ├── loose-envify@1.3.1
62 silly currentTree ├── loud-rejection@1.6.0
62 silly currentTree ├── lowercase-keys@1.0.0
62 silly currentTree ├── lru-cache@4.0.1
62 silly currentTree ├── map-obj@1.0.1
62 silly currentTree ├── map-stream@0.1.0
62 silly currentTree ├── media-typer@0.3.0
62 silly currentTree ├─┬ memory-fs@0.4.1
62 silly currentTree │ ├── isarray@1.0.0
62 silly currentTree │ └── readable-stream@2.2.3
62 silly currentTree ├─┬ meow@3.7.0
62 silly currentTree │ └── minimist@1.2.0
62 silly currentTree ├── merge-descriptors@1.0.1
62 silly currentTree ├── methods@1.1.2
62 silly currentTree ├── micromatch@2.3.11
62 silly currentTree ├── miller-rabin@4.0.0
62 silly currentTree ├── mime-db@1.26.0
62 silly currentTree ├── mime-types@2.1.14
62 silly currentTree ├── mime@1.3.4
62 silly currentTree ├── minimalistic-assert@1.0.0
62 silly currentTree ├── minimalistic-crypto-utils@1.0.1
62 silly currentTree ├── minimatch@3.0.3
62 silly currentTree ├── minimist@0.0.8
62 silly currentTree ├─┬ minstache@1.2.0
62 silly currentTree │ └── commander@1.0.4
62 silly currentTree ├── mkdirp@0.5.0
62 silly currentTree ├── morgan@1.8.1
62 silly currentTree ├── ms@0.7.2
62 silly currentTree ├── nan@2.5.1
62 silly currentTree ├── negotiator@0.6.1
62 silly currentTree ├── nested-error-stacks@1.0.2
62 silly currentTree ├─┬ nightmare@2.10.0
62 silly currentTree │ └── mkdirp@0.5.1
62 silly currentTree ├── node-fetch@1.6.3
62 silly currentTree ├── node-irc@0.0.4
62 silly currentTree ├─┬ node-libs-browser@2.0.0
62 silly currentTree │ ├── isarray@1.0.0
62 silly currentTree │ └── readable-stream@2.2.3
62 silly currentTree ├── node-uuid@1.3.3
62 silly currentTree ├─┬ nodemon@1.11.0
62 silly currentTree │ └── es6-promise@3.3.1
62 silly currentTree ├── nopt@1.0.10
62 silly currentTree ├── normalize-package-data@2.3.6
62 silly currentTree ├── normalize-path@2.0.1
62 silly currentTree ├── nth-check@1.0.1
62 silly currentTree ├─┬ nugget@2.0.1
62 silly currentTree │ ├── minimist@1.2.0
62 silly currentTree │ └── throttleit@0.0.2
62 silly currentTree ├── number-is-nan@1.0.1
62 silly currentTree ├── oauth-sign@0.8.2
62 silly currentTree ├── object-assign@4.1.1
62 silly currentTree ├── object-component@0.0.3
62 silly currentTree ├── object-keys@0.4.0
62 silly currentTree ├── object.omit@2.0.1
62 silly currentTree ├── on-finished@2.3.0
62 silly currentTree ├── on-headers@1.0.1
62 silly currentTree ├── once@1.4.0
62 silly currentTree ├── options@0.0.6
62 silly currentTree ├── os-browserify@0.2.1
62 silly currentTree ├── os-homedir@1.0.2
62 silly currentTree ├── os-locale@1.4.0
62 silly currentTree ├── os-tmpdir@1.0.2
62 silly currentTree ├── osenv@0.1.4
62 silly currentTree ├── package-json@1.2.0
62 silly currentTree ├── pako@0.2.9
62 silly currentTree ├── parse-asn1@5.0.0
62 silly currentTree ├── parse-glob@3.0.4
62 silly currentTree ├── parse-json@2.2.0
62 silly currentTree ├── parsejson@0.0.3
62 silly currentTree ├── parseqs@0.0.5
62 silly currentTree ├── parseuri@0.0.5
62 silly currentTree ├── parseurl@1.3.1
62 silly currentTree ├── path-browserify@0.0.0
62 silly currentTree ├── path-exists@2.1.0
62 silly currentTree ├── path-is-absolute@1.0.1
62 silly currentTree ├── path-to-regexp@0.1.7
62 silly currentTree ├── path-type@1.1.0
62 silly currentTree ├── path@0.12.7
62 silly currentTree ├── pause-stream@0.0.11
62 silly currentTree ├── pbkdf2@3.0.9
62 silly currentTree ├── pend@1.2.0
62 silly currentTree ├── performance-now@0.2.0
62 silly currentTree ├─┬ phantom@4.0.0
62 silly currentTree │ ├── caseless@0.11.0
62 silly currentTree │ ├── fs-extra@1.0.0
62 silly currentTree │ ├── har-validator@2.0.6
62 silly currentTree │ ├── phantomjs-prebuilt@2.1.14
62 silly currentTree │ ├── qs@6.3.2
62 silly currentTree │ ├── request@2.79.0
62 silly currentTree │ └── tunnel-agent@0.4.3
62 silly currentTree ├─┬ phantomjs@2.1.7
62 silly currentTree │ ├── async@2.1.5
62 silly currentTree │ ├── caseless@0.11.0
62 silly currentTree │ ├── form-data@1.0.1
62 silly currentTree │ ├── har-validator@2.0.6
62 silly currentTree │ ├── lodash@4.17.4
62 silly currentTree │ ├── node-uuid@1.4.7
62 silly currentTree │ ├── qs@5.2.1
62 silly currentTree │ ├── request@2.67.0
62 silly currentTree │ ├── tough-cookie@2.2.2
62 silly currentTree │ └── tunnel-agent@0.4.3
62 silly currentTree ├── pify@2.3.0
62 silly currentTree ├── pinkie-promise@2.0.1
62 silly currentTree ├── pinkie@2.0.4
62 silly currentTree ├── pkg-dir@1.0.0
62 silly currentTree ├── prepend-http@1.0.4
62 silly currentTree ├── preserve@0.2.0
62 silly currentTree ├── pretty-bytes@1.0.4
62 silly currentTree ├── private@0.1.7
62 silly currentTree ├── process-nextick-args@1.0.7
62 silly currentTree ├── process@0.11.9
62 silly currentTree ├── progress-stream@1.2.0
62 silly currentTree ├── progress@1.1.8
62 silly currentTree ├── promise@7.1.1
62 silly currentTree ├── proxy-addr@1.1.3
62 silly currentTree ├── prr@0.0.0
62 silly currentTree ├── ps-tree@1.1.0
62 silly currentTree ├── pseudomap@1.0.2
62 silly currentTree ├── public-encrypt@4.0.0
62 silly currentTree ├── punycode@1.4.1
62 silly currentTree ├── qs@6.4.0
62 silly currentTree ├── querystring-es3@0.2.1
62 silly currentTree ├── querystring@0.2.0
62 silly currentTree ├── randomatic@1.1.6
62 silly currentTree ├── randombytes@2.0.3
62 silly currentTree ├── range-parser@1.2.0
62 silly currentTree ├── raw-body@2.2.0
62 silly currentTree ├─┬ rc@1.1.7
62 silly currentTree │ └── minimist@1.2.0
62 silly currentTree ├── react-dom@15.4.2
62 silly currentTree ├── react@15.4.2
62 silly currentTree ├─┬ read-all-stream@3.1.0
62 silly currentTree │ ├── isarray@1.0.0
62 silly currentTree │ └── readable-stream@2.2.3
62 silly currentTree ├── read-pkg-up@1.0.1
62 silly currentTree ├── read-pkg@1.1.0
62 silly currentTree ├── readable-stream@1.1.14
62 silly currentTree ├─┬ readdirp@2.1.0
62 silly currentTree │ ├── isarray@1.0.0
62 silly currentTree │ └── readable-stream@2.2.3
62 silly currentTree ├── redent@1.0.0
62 silly currentTree ├── regenerate@1.3.2
62 silly currentTree ├── regenerator-runtime@0.10.3
62 silly currentTree ├── regenerator-transform@0.9.8
62 silly currentTree ├── regex-cache@0.4.3
62 silly currentTree ├── regexpu-core@2.0.0
62 silly currentTree ├── registry-url@3.1.0
62 silly currentTree ├── regjsgen@0.2.0
62 silly currentTree ├── regjsparser@0.1.5
62 silly currentTree ├── repeat-element@1.1.2
62 silly currentTree ├── repeat-string@1.6.1
62 silly currentTree ├── repeating@2.0.1
62 silly currentTree ├── request-progress@2.0.1
62 silly currentTree ├── request@2.81.0
62 silly currentTree ├── require-directory@2.1.1
62 silly currentTree ├── require-main-filename@1.0.1
62 silly currentTree ├── right-align@0.1.3
62 silly currentTree ├── rimraf@2.6.1
62 silly currentTree ├── ripemd160@1.0.1
62 silly currentTree ├── safe-buffer@5.0.1
62 silly currentTree ├─┬ scraperjs@1.2.0
62 silly currentTree │ ├── cheerio@0.19.0
62 silly currentTree │ ├── css-select@1.0.0
62 silly currentTree │ ├── css-what@1.0.0
62 silly currentTree │ ├── domutils@1.4.3
62 silly currentTree │ ├─┬ htmlparser2@3.8.3
62 silly currentTree │ │ ├── domutils@1.5.1
62 silly currentTree │ │ └── entities@1.0.0
62 silly currentTree │ └── phantom@0.8.4
62 silly currentTree ├── semver-diff@2.1.0
62 silly currentTree ├── semver@5.3.0
62 silly currentTree ├── send@0.15.1
62 silly currentTree ├── serve-static@1.12.1
62 silly currentTree ├── set-blocking@2.0.0
62 silly currentTree ├── set-immediate-shim@1.0.1
62 silly currentTree ├── setimmediate@1.0.5
62 silly currentTree ├── setprototypeof@1.0.3
62 silly currentTree ├── sha.js@2.4.8
62 silly currentTree ├─┬ shoe@0.0.15
62 silly currentTree │ └── sockjs-client@0.0.0-unreleasable
62 silly currentTree ├── signal-exit@3.0.2
62 silly currentTree ├── single-line-log@1.1.2
62 silly currentTree ├── slash@1.0.0
62 silly currentTree ├── sliced@1.0.1
62 silly currentTree ├── slide@1.1.6
62 silly currentTree ├── sntp@1.0.9
62 silly currentTree ├── socket-io@1.0.0
62 silly currentTree ├─┬ socket.io-adapter@0.5.0
62 silly currentTree │ └── debug@2.3.3
62 silly currentTree ├─┬ socket.io-client@1.7.3
62 silly currentTree │ ├── component-emitter@1.2.1
62 silly currentTree │ └── debug@2.3.3
62 silly currentTree ├─┬ socket.io-parser@2.3.1
62 silly currentTree │ ├── debug@2.2.0
62 silly currentTree │ └── ms@0.7.1
62 silly currentTree ├─┬ socket.io@1.7.3
62 silly currentTree │ ├── debug@2.3.3
62 silly currentTree │ └── object-assign@4.1.0
62 silly currentTree ├── sockjs@0.3.7
62 silly currentTree ├── source-list-map@0.1.8
62 silly currentTree ├── source-map-support@0.4.11
62 silly currentTree ├── source-map@0.5.6
62 silly currentTree ├── spdx-correct@1.0.2
62 silly currentTree ├── spdx-expression-parse@1.0.4
62 silly currentTree ├── spdx-license-ids@1.2.2
62 silly currentTree ├── speedometer@0.1.4
62 silly currentTree ├── split@1.0.0
62 silly currentTree ├─┬ split2@2.1.1
62 silly currentTree │ ├── isarray@1.0.0
62 silly currentTree │ ├── readable-stream@2.2.3
62 silly currentTree │ └── through2@2.0.3
62 silly currentTree ├─┬ sshpk@1.11.0
62 silly currentTree │ └── assert-plus@1.0.0
62 silly currentTree ├── stack-trace@0.0.9
62 silly currentTree ├── statuses@1.3.1
62 silly currentTree ├─┬ stream-browserify@2.0.1
62 silly currentTree │ ├── isarray@1.0.0
62 silly currentTree │ └── readable-stream@2.2.3
62 silly currentTree ├── stream-combiner@0.0.4
62 silly currentTree ├─┬ stream-http@2.6.3
62 silly currentTree │ ├── isarray@1.0.0
62 silly currentTree │ └── readable-stream@2.2.3
62 silly currentTree ├── stream-shift@1.0.0
62 silly currentTree ├── string_decoder@0.10.31
62 silly currentTree ├── string-length@1.0.1
62 silly currentTree ├── string-width@1.0.2
62 silly currentTree ├── stringstream@0.0.5
62 silly currentTree ├── strip-ansi@3.0.1
62 silly currentTree ├── strip-bom@2.0.0
62 silly currentTree ├── strip-indent@1.0.1
62 silly currentTree ├── strip-json-comments@2.0.1
62 silly currentTree ├── sumchecker@1.3.0
62 silly currentTree ├── supports-color@2.0.0
62 silly currentTree ├── tapable@0.2.6
62 silly currentTree ├─┬ tapic@4.0.4
62 silly currentTree │ └── ws@1.1.2
62 silly currentTree ├── throttleit@1.0.0
62 silly currentTree ├── through@2.3.8
62 silly currentTree ├─┬ through2@0.2.3
62 silly currentTree │ └── xtend@2.1.2
62 silly currentTree ├── timed-out@2.0.0
62 silly currentTree ├── timers-browserify@2.0.2
62 silly currentTree ├─┬ tmi.js@1.1.2
62 silly currentTree │ ├── async@2.1.5
62 silly currentTree │ ├── bl@1.1.2
62 silly currentTree │ ├── caseless@0.11.0
62 silly currentTree │ ├── form-data@1.0.1
62 silly currentTree │ ├── har-validator@2.0.6
62 silly currentTree │ ├── isarray@1.0.0
62 silly currentTree │ ├── lodash@4.17.4
62 silly currentTree │ ├── node-uuid@1.4.7
62 silly currentTree │ ├── punycode@1.3.2
62 silly currentTree │ ├── qs@6.2.3
62 silly currentTree │ ├── readable-stream@2.0.6
62 silly currentTree │ ├── request@2.74.0
62 silly currentTree │ └── tunnel-agent@0.4.3
62 silly currentTree ├── to-array@0.1.4
62 silly currentTree ├── to-arraybuffer@1.0.1
62 silly currentTree ├── to-fast-properties@1.0.2
62 silly currentTree ├── touch@1.0.0
62 silly currentTree ├── tough-cookie@2.3.2
62 silly currentTree ├── traverse@0.6.6
62 silly currentTree ├── trim-newlines@1.0.0
62 silly currentTree ├── trim-right@1.0.1
62 silly currentTree ├── tty-browserify@0.0.0
62 silly currentTree ├── tunnel-agent@0.6.0
62 silly currentTree ├── tweetnacl@0.14.5
62 silly currentTree ├── type-is@1.6.14
62 silly currentTree ├── typedarray@0.0.6
62 silly currentTree ├── ua-parser-js@0.7.12
62 silly currentTree ├─┬ uglify-js@2.8.12
62 silly currentTree │ ├── camelcase@1.2.1
62 silly currentTree │ └── yargs@3.10.0
62 silly currentTree ├── uglify-to-browserify@1.0.2
62 silly currentTree ├── ultron@1.0.2
62 silly currentTree ├── undefsafe@0.0.3
62 silly currentTree ├── unpipe@1.0.0
62 silly currentTree ├─┬ update-notifier@0.5.0
62 silly currentTree │ └── repeating@1.1.3
62 silly currentTree ├─┬ url@0.11.0
62 silly currentTree │ └── punycode@1.3.2
62 silly currentTree ├── util-deprecate@1.0.2
62 silly currentTree ├─┬ util@0.10.3
62 silly currentTree │ └── inherits@2.0.1
62 silly currentTree ├── utils-merge@1.0.0
62 silly currentTree ├── uuid@3.0.1
62 silly currentTree ├── validate-npm-package-license@3.0.1
62 silly currentTree ├── vary@1.1.0
62 silly currentTree ├── verror@1.3.6
62 silly currentTree ├── vm-browserify@0.0.4
62 silly currentTree ├─┬ watchpack@1.3.1
62 silly currentTree │ ├── async@2.1.5
62 silly currentTree │ └── lodash@4.17.4
62 silly currentTree ├── weak@1.0.1
62 silly currentTree ├── webpack-sources@0.1.5
62 silly currentTree ├─┬ webpack@2.2.1
62 silly currentTree │ ├── async@2.1.5
62 silly currentTree │ ├── lodash@4.17.4
62 silly currentTree │ └── supports-color@3.2.3
62 silly currentTree ├── webpage@0.3.0
62 silly currentTree ├── whatwg-fetch@2.0.3
62 silly currentTree ├── which-module@1.0.0
62 silly currentTree ├── which@1.2.12
62 silly currentTree ├── win-spawn@2.0.0
62 silly currentTree ├── window-size@0.1.0
62 silly currentTree ├─┬ winston@2.3.1
62 silly currentTree │ └── async@1.0.0
62 silly currentTree ├── wordwrap@0.0.2
62 silly currentTree ├── wrap-ansi@2.1.0
62 silly currentTree ├── wrappy@1.0.2
62 silly currentTree ├── write-file-atomic@1.3.1
62 silly currentTree ├── ws@1.0.1
62 silly currentTree ├── wtf-8@1.0.0
62 silly currentTree ├── xdg-basedir@2.0.0
62 silly currentTree ├── xmlhttprequest-ssl@1.5.3
62 silly currentTree ├── xtend@4.0.1
62 silly currentTree ├── y18n@3.2.1
62 silly currentTree ├── yallist@2.0.0
62 silly currentTree ├─┬ yargs-parser@4.2.1
62 silly currentTree │ └── camelcase@3.0.0
62 silly currentTree ├─┬ yargs@6.6.0
62 silly currentTree │ ├── camelcase@3.0.0
62 silly currentTree │ └── cliui@3.2.0
62 silly currentTree ├── yauzl@2.4.1
62 silly currentTree └── yeast@0.1.2
63 silly idealTree stackathon@1.0.0
63 silly idealTree ├── abbrev@1.1.0
63 silly idealTree ├── accepts@1.3.3
63 silly idealTree ├── acorn-dynamic-import@2.0.2
63 silly idealTree ├── acorn@4.0.11
63 silly idealTree ├── after@0.8.2
63 silly idealTree ├── ajv-keywords@1.5.1
63 silly idealTree ├── ajv@4.11.4
63 silly idealTree ├── align-text@0.1.4
63 silly idealTree ├── ansi-regex@2.1.1
63 silly idealTree ├── ansi-styles@2.2.1
63 silly idealTree ├── anymatch@1.3.0
63 silly idealTree ├── arr-diff@2.0.0
63 silly idealTree ├── arr-flatten@1.0.1
63 silly idealTree ├── array-find-index@1.0.2
63 silly idealTree ├── array-flatten@1.1.1
63 silly idealTree ├── array-unique@0.2.1
63 silly idealTree ├── arraybuffer.slice@0.0.6
63 silly idealTree ├── arrify@1.0.1
63 silly idealTree ├── asap@2.0.5
63 silly idealTree ├── asn1.js@4.9.1
63 silly idealTree ├── asn1@0.2.3
63 silly idealTree ├── assert-plus@0.2.0
63 silly idealTree ├── assert@1.4.1
63 silly idealTree ├── async-each@1.0.1
63 silly idealTree ├── async@1.5.2
63 silly idealTree ├── asynckit@0.4.0
63 silly idealTree ├── aws-sign2@0.6.0
63 silly idealTree ├── aws4@1.6.0
63 silly idealTree ├── axios@0.15.3
63 silly idealTree ├── babel-code-frame@6.22.0
63 silly idealTree ├─┬ babel-core@6.23.1
63 silly idealTree │ └── lodash@4.17.4
63 silly idealTree ├─┬ babel-generator@6.23.0
63 silly idealTree │ ├── jsesc@1.3.0
63 silly idealTree │ └── lodash@4.17.4
63 silly idealTree ├─┬ babel-helper-builder-react-jsx@6.23.0
63 silly idealTree │ └── lodash@4.17.4
63 silly idealTree ├── babel-helper-call-delegate@6.22.0
63 silly idealTree ├─┬ babel-helper-define-map@6.23.0
63 silly idealTree │ └── lodash@4.17.4
63 silly idealTree ├── babel-helper-function-name@6.23.0
63 silly idealTree ├── babel-helper-get-function-arity@6.22.0
63 silly idealTree ├── babel-helper-hoist-variables@6.22.0
63 silly idealTree ├── babel-helper-optimise-call-expression@6.23.0
63 silly idealTree ├─┬ babel-helper-regex@6.22.0
63 silly idealTree │ └── lodash@4.17.4
63 silly idealTree ├── babel-helper-replace-supers@6.23.0
63 silly idealTree ├── babel-helpers@6.23.0
63 silly idealTree ├─┬ babel-loader@6.4.0
63 silly idealTree │ └── mkdirp@0.5.1
63 silly idealTree ├── babel-messages@6.23.0
63 silly idealTree ├── babel-plugin-check-es2015-constants@6.22.0
63 silly idealTree ├── babel-plugin-syntax-flow@6.18.0
63 silly idealTree ├── babel-plugin-syntax-jsx@6.18.0
63 silly idealTree ├── babel-plugin-transform-es2015-arrow-functions@6.22.0
63 silly idealTree ├── babel-plugin-transform-es2015-block-scoped-functions@6.22.0
63 silly idealTree ├─┬ babel-plugin-transform-es2015-block-scoping@6.23.0
63 silly idealTree │ └── lodash@4.17.4
63 silly idealTree ├── babel-plugin-transform-es2015-classes@6.23.0
63 silly idealTree ├── babel-plugin-transform-es2015-computed-properties@6.22.0
63 silly idealTree ├── babel-plugin-transform-es2015-destructuring@6.23.0
63 silly idealTree ├── babel-plugin-transform-es2015-duplicate-keys@6.22.0
63 silly idealTree ├── babel-plugin-transform-es2015-for-of@6.23.0
63 silly idealTree ├── babel-plugin-transform-es2015-function-name@6.22.0
63 silly idealTree ├── babel-plugin-transform-es2015-literals@6.22.0
63 silly idealTree ├── babel-plugin-transform-es2015-modules-amd@6.22.0
63 silly idealTree ├── babel-plugin-transform-es2015-modules-commonjs@6.23.0
63 silly idealTree ├── babel-plugin-transform-es2015-modules-systemjs@6.23.0
63 silly idealTree ├── babel-plugin-transform-es2015-modules-umd@6.23.0
63 silly idealTree ├── babel-plugin-transform-es2015-object-super@6.22.0
63 silly idealTree ├── babel-plugin-transform-es2015-parameters@6.23.0
63 silly idealTree ├── babel-plugin-transform-es2015-shorthand-properties@6.22.0
63 silly idealTree ├── babel-plugin-transform-es2015-spread@6.22.0
63 silly idealTree ├── babel-plugin-transform-es2015-sticky-regex@6.22.0
63 silly idealTree ├── babel-plugin-transform-es2015-template-literals@6.22.0
63 silly idealTree ├── babel-plugin-transform-es2015-typeof-symbol@6.23.0
63 silly idealTree ├── babel-plugin-transform-es2015-unicode-regex@6.22.0
63 silly idealTree ├── babel-plugin-transform-flow-strip-types@6.22.0
63 silly idealTree ├── babel-plugin-transform-react-display-name@6.23.0
63 silly idealTree ├── babel-plugin-transform-react-jsx-self@6.22.0
63 silly idealTree ├── babel-plugin-transform-react-jsx-source@6.22.0
63 silly idealTree ├── babel-plugin-transform-react-jsx@6.23.0
63 silly idealTree ├── babel-plugin-transform-regenerator@6.22.0
63 silly idealTree ├── babel-plugin-transform-strict-mode@6.22.0
63 silly idealTree ├── babel-preset-es2015@6.22.0
63 silly idealTree ├── babel-preset-flow@6.23.0
63 silly idealTree ├── babel-preset-react@6.23.0
63 silly idealTree ├─┬ babel-register@6.23.0
63 silly idealTree │ ├── lodash@4.17.4
63 silly idealTree │ └── mkdirp@0.5.1
63 silly idealTree ├── babel-runtime@6.23.0
63 silly idealTree ├─┬ babel-template@6.23.0
63 silly idealTree │ └── lodash@4.17.4
63 silly idealTree ├─┬ babel-traverse@6.23.1
63 silly idealTree │ └── lodash@4.17.4
63 silly idealTree ├─┬ babel-types@6.23.0
63 silly idealTree │ └── lodash@4.17.4
63 silly idealTree ├── babylon@6.16.1
63 silly idealTree ├── backo2@1.0.2
63 silly idealTree ├── balanced-match@0.4.2
63 silly idealTree ├── base64-arraybuffer@0.1.5
63 silly idealTree ├── base64-js@1.2.0
63 silly idealTree ├── base64id@1.0.0
63 silly idealTree ├── basic-auth@1.1.0
63 silly idealTree ├── bcrypt-pbkdf@1.0.1
63 silly idealTree ├── better-assert@1.0.2
63 silly idealTree ├── big.js@3.1.3
63 silly idealTree ├── binary-extensions@1.8.0
63 silly idealTree ├── bindings@1.2.1
63 silly idealTree ├─┬ bl@1.0.3
63 silly idealTree │ ├── isarray@1.0.0
63 silly idealTree │ └── readable-stream@2.0.6
63 silly idealTree ├── blob@0.0.4
63 silly idealTree ├── bn.js@4.11.6
63 silly idealTree ├── body-parser@1.17.1
63 silly idealTree ├── boolbase@1.0.0
63 silly idealTree ├── boom@2.10.1
63 silly idealTree ├── brace-expansion@1.1.6
63 silly idealTree ├── braces@1.8.5
63 silly idealTree ├── brorand@1.1.0
63 silly idealTree ├── browserify-aes@1.0.6
63 silly idealTree ├── browserify-cipher@1.0.0
63 silly idealTree ├── browserify-des@1.0.0
63 silly idealTree ├── browserify-rsa@4.0.1
63 silly idealTree ├── browserify-sign@4.0.0
63 silly idealTree ├── browserify-zlib@0.1.4
63 silly idealTree ├── buffer-shims@1.0.0
63 silly idealTree ├── buffer-xor@1.0.3
63 silly idealTree ├─┬ buffer@4.9.1
63 silly idealTree │ └── isarray@1.0.0
63 silly idealTree ├── builtin-modules@1.1.1
63 silly idealTree ├── builtin-status-codes@3.0.0
63 silly idealTree ├── bytes@2.4.0
63 silly idealTree ├── callsite@1.0.0
63 silly idealTree ├── camelcase-keys@2.1.0
63 silly idealTree ├── camelcase@2.1.1
63 silly idealTree ├── caseless@0.12.0
63 silly idealTree ├── center-align@0.1.3
63 silly idealTree ├── chalk@1.1.3
63 silly idealTree ├─┬ cheerio@0.22.0
63 silly idealTree │ └── lodash.defaults@4.2.0
63 silly idealTree ├── chokidar@1.6.1
63 silly idealTree ├── cipher-base@1.0.3
63 silly idealTree ├── cliui@2.1.0
63 silly idealTree ├── clone@1.0.2
63 silly idealTree ├── co@4.6.0
63 silly idealTree ├── code-point-at@1.1.0
63 silly idealTree ├── colors@1.0.3
63 silly idealTree ├── combined-stream@1.0.5
63 silly idealTree ├── commander@2.9.0
63 silly idealTree ├── commondir@1.0.1
63 silly idealTree ├── component-bind@1.0.0
63 silly idealTree ├── component-emitter@1.1.2
63 silly idealTree ├── component-inherit@0.0.3
63 silly idealTree ├── concat-map@0.0.1
63 silly idealTree ├─┬ concat-stream@1.5.0
63 silly idealTree │ ├── isarray@1.0.0
63 silly idealTree │ └── readable-stream@2.0.6
63 silly idealTree ├─┬ configstore@1.4.0
63 silly idealTree │ └── uuid@2.0.3
63 silly idealTree ├── console-browserify@1.1.0
63 silly idealTree ├── constants-browserify@1.0.0
63 silly idealTree ├── content-disposition@0.5.2
63 silly idealTree ├── content-type@1.0.2
63 silly idealTree ├── convert-source-map@1.1.3
63 silly idealTree ├── cookie-signature@1.0.6
63 silly idealTree ├── cookie@0.3.1
63 silly idealTree ├── core-js@2.4.1
63 silly idealTree ├── core-util-is@1.0.2
63 silly idealTree ├── create-ecdh@4.0.0
63 silly idealTree ├── create-hash@1.1.2
63 silly idealTree ├── create-hmac@1.1.4
63 silly idealTree ├── cryptiles@2.0.5
63 silly idealTree ├── crypto-browserify@3.11.0
63 silly idealTree ├── css-select@1.2.0
63 silly idealTree ├── css-what@2.1.0
63 silly idealTree ├── currently-unhandled@0.4.1
63 silly idealTree ├── cycle@1.0.3
63 silly idealTree ├─┬ dashdash@1.14.1
63 silly idealTree │ └── assert-plus@1.0.0
63 silly idealTree ├── date-now@0.1.4
63 silly idealTree ├── debug@2.6.1
63 silly idealTree ├── decamelize@1.2.0
63 silly idealTree ├─┬ deep-defaults@1.0.4
63 silly idealTree │ └── lodash@3.0.1
63 silly idealTree ├── deep-extend@0.4.1
63 silly idealTree ├── defaults@1.0.3
63 silly idealTree ├── delayed-stream@1.0.0
63 silly idealTree ├── depd@1.1.0
63 silly idealTree ├── des.js@1.0.0
63 silly idealTree ├── destroy@1.0.4
63 silly idealTree ├── detect-indent@4.0.0
63 silly idealTree ├── diffie-hellman@5.0.2
63 silly idealTree ├── dnode-protocol@0.2.2
63 silly idealTree ├── dnode@1.2.2
63 silly idealTree ├─┬ dom-serializer@0.1.0
63 silly idealTree │ └── domelementtype@1.1.3
63 silly idealTree ├── domain-browser@1.1.7
63 silly idealTree ├── domelementtype@1.3.0
63 silly idealTree ├── domhandler@2.3.0
63 silly idealTree ├── domutils@1.5.1
63 silly idealTree ├── duplexer@0.1.1
63 silly idealTree ├─┬ duplexify@3.5.0
63 silly idealTree │ ├── isarray@1.0.0
63 silly idealTree │ └── readable-stream@2.2.3
63 silly idealTree ├── ecc-jsbn@0.1.1
63 silly idealTree ├── ee-first@1.1.1
63 silly idealTree ├─┬ electron-download@3.3.0
63 silly idealTree │ ├── fs-extra@0.30.0
63 silly idealTree │ └── minimist@1.2.0
63 silly idealTree ├── electron@1.6.2
63 silly idealTree ├── elliptic@6.4.0
63 silly idealTree ├── emojis-list@2.1.0
63 silly idealTree ├── encodeurl@1.0.1
63 silly idealTree ├── encoding@0.1.12
63 silly idealTree ├─┬ end-of-stream@1.0.0
63 silly idealTree │ └── once@1.3.3
63 silly idealTree ├─┬ engine.io-client@1.8.3
63 silly idealTree │ ├── component-emitter@1.2.1
63 silly idealTree │ ├── debug@2.3.3
63 silly idealTree │ └── ws@1.1.2
63 silly idealTree ├── engine.io-parser@1.3.2
63 silly idealTree ├─┬ engine.io@1.8.3
63 silly idealTree │ ├── debug@2.3.3
63 silly idealTree │ └── ws@1.1.2
63 silly idealTree ├── enhanced-resolve@3.1.0
63 silly idealTree ├─┬ enqueue@1.0.2
63 silly idealTree │ └── sliced@0.0.5
63 silly idealTree ├── entities@1.1.1
63 silly idealTree ├── errno@0.1.4
63 silly idealTree ├── error-ex@1.3.1
63 silly idealTree ├── es6-promise@4.0.5
63 silly idealTree ├── escape-html@1.0.3
63 silly idealTree ├── escape-string-regexp@1.0.5
63 silly idealTree ├── esutils@2.0.2
63 silly idealTree ├── etag@1.8.0
63 silly idealTree ├─┬ event-stream@3.3.4
63 silly idealTree │ └── split@0.3.3
63 silly idealTree ├── events@1.1.1
63 silly idealTree ├── evp_bytestokey@1.0.0
63 silly idealTree ├── expand-brackets@0.1.5
63 silly idealTree ├── expand-range@1.8.2
63 silly idealTree ├── express@4.15.2
63 silly idealTree ├── extend@3.0.0
63 silly idealTree ├── extglob@0.3.2
63 silly idealTree ├─┬ extract-zip@1.5.0
63 silly idealTree │ └── debug@0.7.4
63 silly idealTree ├── extsprintf@1.0.2
63 silly idealTree ├── eyes@0.1.8
63 silly idealTree ├── faye-websocket@0.4.4
63 silly idealTree ├─┬ fbjs@0.8.9
63 silly idealTree │ └── core-js@1.2.7
63 silly idealTree ├── fd-slicer@1.0.1
63 silly idealTree ├── filename-regex@2.0.0
63 silly idealTree ├── fill-range@2.2.3
63 silly idealTree ├── finalhandler@1.0.0
63 silly idealTree ├─┬ find-cache-dir@0.1.1
63 silly idealTree │ └── mkdirp@0.5.1
63 silly idealTree ├── find-up@1.1.2
63 silly idealTree ├── follow-redirects@1.0.0
63 silly idealTree ├── for-in@1.0.2
63 silly idealTree ├── for-own@0.1.5
63 silly idealTree ├── forever-agent@0.6.1
63 silly idealTree ├── form-data@2.1.2
63 silly idealTree ├── forwarded@0.1.0
63 silly idealTree ├── fresh@0.5.0
63 silly idealTree ├── from@0.1.3
63 silly idealTree ├── fs-extra@0.26.7
63 silly idealTree ├── fs.realpath@1.0.0
63 silly idealTree ├─┬ fsevents@1.1.1
63 silly idealTree │ ├── abbrev@1.1.0
63 silly idealTree │ ├── ansi-regex@2.1.1
63 silly idealTree │ ├── ansi-styles@2.2.1
63 silly idealTree │ ├── aproba@1.1.1
63 silly idealTree │ ├── are-we-there-yet@1.1.2
63 silly idealTree │ ├── asn1@0.2.3
63 silly idealTree │ ├── assert-plus@0.2.0
63 silly idealTree │ ├── asynckit@0.4.0
63 silly idealTree │ ├── aws-sign2@0.6.0
63 silly idealTree │ ├── aws4@1.6.0
63 silly idealTree │ ├── balanced-match@0.4.2
63 silly idealTree │ ├── bcrypt-pbkdf@1.0.1
63 silly idealTree │ ├── block-stream@0.0.9
63 silly idealTree │ ├── boom@2.10.1
63 silly idealTree │ ├── brace-expansion@1.1.6
63 silly idealTree │ ├── buffer-shims@1.0.0
63 silly idealTree │ ├── caseless@0.11.0
63 silly idealTree │ ├── chalk@1.1.3
63 silly idealTree │ ├── code-point-at@1.1.0
63 silly idealTree │ ├── combined-stream@1.0.5
63 silly idealTree │ ├── commander@2.9.0
63 silly idealTree │ ├── concat-map@0.0.1
63 silly idealTree │ ├── console-control-strings@1.1.0
63 silly idealTree │ ├── core-util-is@1.0.2
63 silly idealTree │ ├── cryptiles@2.0.5
63 silly idealTree │ ├─┬ dashdash@1.14.1
63 silly idealTree │ │ └── assert-plus@1.0.0
63 silly idealTree │ ├── debug@2.2.0
63 silly idealTree │ ├── deep-extend@0.4.1
63 silly idealTree │ ├── delayed-stream@1.0.0
63 silly idealTree │ ├── delegates@1.0.0
63 silly idealTree │ ├── ecc-jsbn@0.1.1
63 silly idealTree │ ├── escape-string-regexp@1.0.5
63 silly idealTree │ ├── extend@3.0.0
63 silly idealTree │ ├── extsprintf@1.0.2
63 silly idealTree │ ├── forever-agent@0.6.1
63 silly idealTree │ ├── form-data@2.1.2
63 silly idealTree │ ├── fs.realpath@1.0.0
63 silly idealTree │ ├── fstream-ignore@1.0.5
63 silly idealTree │ ├── fstream@1.0.10
63 silly idealTree │ ├── gauge@2.7.3
63 silly idealTree │ ├── generate-function@2.0.0
63 silly idealTree │ ├── generate-object-property@1.2.0
63 silly idealTree │ ├─┬ getpass@0.1.6
63 silly idealTree │ │ └── assert-plus@1.0.0
63 silly idealTree │ ├── glob@7.1.1
63 silly idealTree │ ├── graceful-fs@4.1.11
63 silly idealTree │ ├── graceful-readlink@1.0.1
63 silly idealTree │ ├── har-validator@2.0.6
63 silly idealTree │ ├── has-ansi@2.0.0
63 silly idealTree │ ├── has-unicode@2.0.1
63 silly idealTree │ ├── hawk@3.1.3
63 silly idealTree │ ├── hoek@2.16.3
63 silly idealTree │ ├── http-signature@1.1.1
63 silly idealTree │ ├── inflight@1.0.6
63 silly idealTree │ ├── inherits@2.0.3
63 silly idealTree │ ├── ini@1.3.4
63 silly idealTree │ ├── is-fullwidth-code-point@1.0.0
63 silly idealTree │ ├── is-my-json-valid@2.15.0
63 silly idealTree │ ├── is-property@1.0.2
63 silly idealTree │ ├── is-typedarray@1.0.0
63 silly idealTree │ ├── isarray@1.0.0
63 silly idealTree │ ├── isstream@0.1.2
63 silly idealTree │ ├── jodid25519@1.0.2
63 silly idealTree │ ├── jsbn@0.1.1
63 silly idealTree │ ├── json-schema@0.2.3
63 silly idealTree │ ├── json-stringify-safe@5.0.1
63 silly idealTree │ ├── jsonpointer@4.0.1
63 silly idealTree │ ├── jsprim@1.3.1
63 silly idealTree │ ├── mime-db@1.26.0
63 silly idealTree │ ├── mime-types@2.1.14
63 silly idealTree │ ├── minimatch@3.0.3
63 silly idealTree │ ├── minimist@0.0.8
63 silly idealTree │ ├── mkdirp@0.5.1
63 silly idealTree │ ├── ms@0.7.1
63 silly idealTree │ ├── node-pre-gyp@0.6.33
63 silly idealTree │ ├── nopt@3.0.6
63 silly idealTree │ ├── npmlog@4.0.2
63 silly idealTree │ ├── number-is-nan@1.0.1
63 silly idealTree │ ├── oauth-sign@0.8.2
63 silly idealTree │ ├── object-assign@4.1.1
63 silly idealTree │ ├── once@1.4.0
63 silly idealTree │ ├── path-is-absolute@1.0.1
63 silly idealTree │ ├── pinkie-promise@2.0.1
63 silly idealTree │ ├── pinkie@2.0.4
63 silly idealTree │ ├── process-nextick-args@1.0.7
63 silly idealTree │ ├── punycode@1.4.1
63 silly idealTree │ ├── qs@6.3.1
63 silly idealTree │ ├─┬ rc@1.1.7
63 silly idealTree │ │ └── minimist@1.2.0
63 silly idealTree │ ├── readable-stream@2.2.2
63 silly idealTree │ ├── request@2.79.0
63 silly idealTree │ ├── rimraf@2.5.4
63 silly idealTree │ ├── semver@5.3.0
63 silly idealTree │ ├── set-blocking@2.0.0
63 silly idealTree │ ├── signal-exit@3.0.2
63 silly idealTree │ ├── sntp@1.0.9
63 silly idealTree │ ├─┬ sshpk@1.10.2
63 silly idealTree │ │ └── assert-plus@1.0.0
63 silly idealTree │ ├── string_decoder@0.10.31
63 silly idealTree │ ├── string-width@1.0.2
63 silly idealTree │ ├── stringstream@0.0.5
63 silly idealTree │ ├── strip-ansi@3.0.1
63 silly idealTree │ ├── strip-json-comments@2.0.1
63 silly idealTree │ ├── supports-color@2.0.0
63 silly idealTree │ ├─┬ tar-pack@3.3.0
63 silly idealTree │ │ ├── once@1.3.3
63 silly idealTree │ │ └── readable-stream@2.1.5
63 silly idealTree │ ├── tar@2.2.1
63 silly idealTree │ ├── tough-cookie@2.3.2
63 silly idealTree │ ├── tunnel-agent@0.4.3
63 silly idealTree │ ├── tweetnacl@0.14.5
63 silly idealTree │ ├── uid-number@0.0.6
63 silly idealTree │ ├── util-deprecate@1.0.2
63 silly idealTree │ ├── uuid@3.0.1
63 silly idealTree │ ├── verror@1.3.6
63 silly idealTree │ ├── wide-align@1.1.0
63 silly idealTree │ ├── wrappy@1.0.2
63 silly idealTree │ └── xtend@4.0.1
63 silly idealTree ├── function-source@0.1.0
63 silly idealTree ├── generate-function@2.0.0
63 silly idealTree ├── generate-object-property@1.2.0
63 silly idealTree ├── get-caller-file@1.0.2
63 silly idealTree ├── get-stdin@4.0.1
63 silly idealTree ├─┬ getpass@0.1.6
63 silly idealTree │ └── assert-plus@1.0.0
63 silly idealTree ├── glob-base@0.3.0
63 silly idealTree ├── glob-parent@2.0.0
63 silly idealTree ├── glob@7.1.1
63 silly idealTree ├── globals@9.16.0
63 silly idealTree ├─┬ got@3.3.1
63 silly idealTree │ └── object-assign@3.0.0
63 silly idealTree ├── graceful-fs@4.1.11
63 silly idealTree ├── graceful-readlink@1.0.1
63 silly idealTree ├── har-schema@1.0.5
63 silly idealTree ├── har-validator@4.2.1
63 silly idealTree ├── has-ansi@2.0.0
63 silly idealTree ├── has-binary@0.1.7
63 silly idealTree ├── has-cors@1.1.0
63 silly idealTree ├── has-flag@1.0.0
63 silly idealTree ├── hash.js@1.0.3
63 silly idealTree ├── hasha@2.2.0
63 silly idealTree ├── hawk@3.1.3
63 silly idealTree ├── hmac-drbg@1.0.0
63 silly idealTree ├── hoek@2.16.3
63 silly idealTree ├── home-or-tmp@2.0.0
63 silly idealTree ├── home-path@1.0.3
63 silly idealTree ├── hosted-git-info@2.2.0
63 silly idealTree ├─┬ htmlparser2@3.9.2
63 silly idealTree │ ├── isarray@1.0.0
63 silly idealTree │ └── readable-stream@2.2.3
63 silly idealTree ├── http-errors@1.6.1
63 silly idealTree ├── http-signature@1.1.1
63 silly idealTree ├── https-browserify@0.0.1
63 silly idealTree ├── iconv-lite@0.4.15
63 silly idealTree ├── iconv@2.2.1
63 silly idealTree ├── ieee754@1.1.8
63 silly idealTree ├── ignore-by-default@1.0.1
63 silly idealTree ├── imurmurhash@0.1.4
63 silly idealTree ├── indent-string@2.1.0
63 silly idealTree ├── indexof@0.0.1
63 silly idealTree ├── infinity-agent@2.0.3
63 silly idealTree ├── inflight@1.0.6
63 silly idealTree ├── inherits@2.0.3
63 silly idealTree ├── ini@1.3.4
63 silly idealTree ├── interpret@1.0.1
63 silly idealTree ├── invariant@2.2.2
63 silly idealTree ├── invert-kv@1.0.0
63 silly idealTree ├── ipaddr.js@1.2.0
63 silly idealTree ├── irc-colors@1.3.2
63 silly idealTree ├── irc@0.5.2
63 silly idealTree ├── is-arrayish@0.2.1
63 silly idealTree ├── is-binary-path@1.0.1
63 silly idealTree ├── is-buffer@1.1.4
63 silly idealTree ├── is-builtin-module@1.0.0
63 silly idealTree ├── is-dotfile@1.0.2
63 silly idealTree ├── is-equal-shallow@0.1.3
63 silly idealTree ├── is-extendable@0.1.1
63 silly idealTree ├── is-extglob@1.0.0
63 silly idealTree ├── is-finite@1.0.2
63 silly idealTree ├── is-fullwidth-code-point@1.0.0
63 silly idealTree ├── is-glob@2.0.1
63 silly idealTree ├── is-my-json-valid@2.16.0
63 silly idealTree ├── is-npm@1.0.0
63 silly idealTree ├── is-number@2.1.0
63 silly idealTree ├── is-posix-bracket@0.1.1
63 silly idealTree ├── is-primitive@2.0.0
63 silly idealTree ├── is-property@1.0.2
63 silly idealTree ├── is-redirect@1.0.0
63 silly idealTree ├── is-stream@1.1.0
63 silly idealTree ├── is-typedarray@1.0.0
63 silly idealTree ├── is-utf8@0.2.1
63 silly idealTree ├── isarray@0.0.1
63 silly idealTree ├── isexe@1.1.2
63 silly idealTree ├─┬ isobject@2.1.0
63 silly idealTree │ └── isarray@1.0.0
63 silly idealTree ├── isomorphic-fetch@2.2.1
63 silly idealTree ├── isstream@0.1.2
63 silly idealTree ├── jodid25519@1.0.2
63 silly idealTree ├── jquery@2.2.4
63 silly idealTree ├── js-tokens@3.0.1
63 silly idealTree ├── jsbn@0.1.1
63 silly idealTree ├── jsesc@0.5.0
63 silly idealTree ├── json-loader@0.5.4
63 silly idealTree ├── json-schema@0.2.3
63 silly idealTree ├── json-stable-stringify@1.0.1
63 silly idealTree ├── json-stringify-safe@5.0.1
63 silly idealTree ├── json3@3.3.2
63 silly idealTree ├── json5@0.5.1
63 silly idealTree ├── jsonfile@2.4.0
63 silly idealTree ├── jsonify@0.0.0
63 silly idealTree ├── jsonpointer@4.0.1
63 silly idealTree ├── jsprim@1.3.1
63 silly idealTree ├── kew@0.7.0
63 silly idealTree ├── keypress@0.1.0
63 silly idealTree ├── kind-of@3.1.0
63 silly idealTree ├── klaw@1.3.1
63 silly idealTree ├── latest-version@1.0.1
63 silly idealTree ├── lazy-cache@1.0.4
63 silly idealTree ├── lcid@1.0.0
63 silly idealTree ├── load-json-file@1.1.0
63 silly idealTree ├── loader-runner@2.3.0
63 silly idealTree ├── loader-utils@0.2.17
63 silly idealTree ├── lodash._baseassign@3.2.0
63 silly idealTree ├── lodash._basecopy@3.0.1
63 silly idealTree ├── lodash._bindcallback@3.0.1
63 silly idealTree ├── lodash._createassigner@3.1.1
63 silly idealTree ├── lodash._getnative@3.9.1
63 silly idealTree ├── lodash._isiterateecall@3.0.9
63 silly idealTree ├── lodash.assign@3.2.0
63 silly idealTree ├── lodash.assignin@4.2.0
63 silly idealTree ├── lodash.bind@4.2.1
63 silly idealTree ├── lodash.defaults@3.1.2
63 silly idealTree ├── lodash.filter@4.6.0
63 silly idealTree ├── lodash.flatten@4.4.0
63 silly idealTree ├── lodash.foreach@4.5.0
63 silly idealTree ├── lodash.isarguments@3.1.0
63 silly idealTree ├── lodash.isarray@3.0.4
63 silly idealTree ├── lodash.keys@3.1.2
63 silly idealTree ├── lodash.map@4.6.0
63 silly idealTree ├── lodash.merge@4.6.0
63 silly idealTree ├── lodash.pick@4.4.0
63 silly idealTree ├── lodash.reduce@4.6.0
63 silly idealTree ├── lodash.reject@4.6.0
63 silly idealTree ├── lodash.restparam@3.6.1
63 silly idealTree ├── lodash.some@4.6.0
63 silly idealTree ├── lodash@3.10.1
63 silly idealTree ├── longest@1.0.1
63 silly idealTree ├── loose-envify@1.3.1
63 silly idealTree ├── loud-rejection@1.6.0
63 silly idealTree ├── lowercase-keys@1.0.0
63 silly idealTree ├── lru-cache@4.0.1
63 silly idealTree ├── map-obj@1.0.1
63 silly idealTree ├── map-stream@0.1.0
63 silly idealTree ├── media-typer@0.3.0
63 silly idealTree ├─┬ memory-fs@0.4.1
63 silly idealTree │ ├── isarray@1.0.0
63 silly idealTree │ └── readable-stream@2.2.3
63 silly idealTree ├─┬ meow@3.7.0
63 silly idealTree │ └── minimist@1.2.0
63 silly idealTree ├── merge-descriptors@1.0.1
63 silly idealTree ├── methods@1.1.2
63 silly idealTree ├── micromatch@2.3.11
63 silly idealTree ├── miller-rabin@4.0.0
63 silly idealTree ├── mime-db@1.26.0
63 silly idealTree ├── mime-types@2.1.14
63 silly idealTree ├── mime@1.3.4
63 silly idealTree ├── minimalistic-assert@1.0.0
63 silly idealTree ├── minimalistic-crypto-utils@1.0.1
63 silly idealTree ├── minimatch@3.0.3
63 silly idealTree ├── minimist@0.0.8
63 silly idealTree ├─┬ minstache@1.2.0
63 silly idealTree │ └── commander@1.0.4
63 silly idealTree ├── mkdirp@0.5.0
63 silly idealTree ├── morgan@1.8.1
63 silly idealTree ├── ms@0.7.2
63 silly idealTree ├── nan@2.5.1
63 silly idealTree ├── negotiator@0.6.1
63 silly idealTree ├── nested-error-stacks@1.0.2
63 silly idealTree ├─┬ nightmare@2.10.0
63 silly idealTree │ └── mkdirp@0.5.1
63 silly idealTree ├── node-fetch@1.6.3
63 silly idealTree ├── node-icu-charset-detector@0.2.0
63 silly idealTree ├── node-irc@0.0.4
63 silly idealTree ├─┬ node-libs-browser@2.0.0
63 silly idealTree │ ├── isarray@1.0.0
63 silly idealTree │ └── readable-stream@2.2.3
63 silly idealTree ├── node-uuid@1.3.3
63 silly idealTree ├─┬ nodemon@1.11.0
63 silly idealTree │ └── es6-promise@3.3.1
63 silly idealTree ├── nopt@1.0.10
63 silly idealTree ├── normalize-package-data@2.3.6
63 silly idealTree ├── normalize-path@2.0.1
63 silly idealTree ├── nth-check@1.0.1
63 silly idealTree ├─┬ nugget@2.0.1
63 silly idealTree │ ├── minimist@1.2.0
63 silly idealTree │ └── throttleit@0.0.2
63 silly idealTree ├── number-is-nan@1.0.1
63 silly idealTree ├── oauth-sign@0.8.2
63 silly idealTree ├── object-assign@4.1.1
63 silly idealTree ├── object-component@0.0.3
63 silly idealTree ├── object-keys@0.4.0
63 silly idealTree ├── object.omit@2.0.1
63 silly idealTree ├── on-finished@2.3.0
63 silly idealTree ├── on-headers@1.0.1
63 silly idealTree ├── once@1.4.0
63 silly idealTree ├── options@0.0.6
63 silly idealTree ├── os-browserify@0.2.1
63 silly idealTree ├── os-homedir@1.0.2
63 silly idealTree ├── os-locale@1.4.0
63 silly idealTree ├── os-tmpdir@1.0.2
63 silly idealTree ├── osenv@0.1.4
63 silly idealTree ├── package-json@1.2.0
63 silly idealTree ├── pako@0.2.9
63 silly idealTree ├── parse-asn1@5.0.0
63 silly idealTree ├── parse-glob@3.0.4
63 silly idealTree ├── parse-json@2.2.0
63 silly idealTree ├── parsejson@0.0.3
63 silly idealTree ├── parseqs@0.0.5
63 silly idealTree ├── parseuri@0.0.5
63 silly idealTree ├── parseurl@1.3.1
63 silly idealTree ├── path-browserify@0.0.0
63 silly idealTree ├── path-exists@2.1.0
63 silly idealTree ├── path-is-absolute@1.0.1
63 silly idealTree ├── path-to-regexp@0.1.7
63 silly idealTree ├── path-type@1.1.0
63 silly idealTree ├── path@0.12.7
63 silly idealTree ├── pause-stream@0.0.11
63 silly idealTree ├── pbkdf2@3.0.9
63 silly idealTree ├── pend@1.2.0
63 silly idealTree ├── performance-now@0.2.0
63 silly idealTree ├─┬ phantom@4.0.0
63 silly idealTree │ ├── caseless@0.11.0
63 silly idealTree │ ├── fs-extra@1.0.0
63 silly idealTree │ ├── har-validator@2.0.6
63 silly idealTree │ ├── phantomjs-prebuilt@2.1.14
63 silly idealTree │ ├── qs@6.3.2
63 silly idealTree │ ├── request@2.79.0
63 silly idealTree │ └── tunnel-agent@0.4.3
63 silly idealTree ├─┬ phantomjs@2.1.7
63 silly idealTree │ ├── async@2.1.5
63 silly idealTree │ ├── caseless@0.11.0
63 silly idealTree │ ├── form-data@1.0.1
63 silly idealTree │ ├── har-validator@2.0.6
63 silly idealTree │ ├── lodash@4.17.4
63 silly idealTree │ ├── node-uuid@1.4.7
63 silly idealTree │ ├── qs@5.2.1
63 silly idealTree │ ├── request@2.67.0
63 silly idealTree │ ├── tough-cookie@2.2.2
63 silly idealTree │ └── tunnel-agent@0.4.3
63 silly idealTree ├── pify@2.3.0
63 silly idealTree ├── pinkie-promise@2.0.1
63 silly idealTree ├── pinkie@2.0.4
63 silly idealTree ├── pkg-dir@1.0.0
63 silly idealTree ├── prepend-http@1.0.4
63 silly idealTree ├── preserve@0.2.0
63 silly idealTree ├── pretty-bytes@1.0.4
63 silly idealTree ├── private@0.1.7
63 silly idealTree ├── process-nextick-args@1.0.7
63 silly idealTree ├── process@0.11.9
63 silly idealTree ├── progress-stream@1.2.0
63 silly idealTree ├── progress@1.1.8
63 silly idealTree ├── promise@7.1.1
63 silly idealTree ├── proxy-addr@1.1.3
63 silly idealTree ├── prr@0.0.0
63 silly idealTree ├── ps-tree@1.1.0
63 silly idealTree ├── pseudomap@1.0.2
63 silly idealTree ├── public-encrypt@4.0.0
63 silly idealTree ├── punycode@1.4.1
63 silly idealTree ├── qs@6.4.0
63 silly idealTree ├── querystring-es3@0.2.1
63 silly idealTree ├── querystring@0.2.0
63 silly idealTree ├── randomatic@1.1.6
63 silly idealTree ├── randombytes@2.0.3
63 silly idealTree ├── range-parser@1.2.0
63 silly idealTree ├── raw-body@2.2.0
63 silly idealTree ├─┬ rc@1.1.7
63 silly idealTree │ └── minimist@1.2.0
63 silly idealTree ├── react-dom@15.4.2
63 silly idealTree ├── react@15.4.2
63 silly idealTree ├─┬ read-all-stream@3.1.0
63 silly idealTree │ ├── isarray@1.0.0
63 silly idealTree │ └── readable-stream@2.2.3
63 silly idealTree ├── read-pkg-up@1.0.1
63 silly idealTree ├── read-pkg@1.1.0
63 silly idealTree ├── readable-stream@1.1.14
63 silly idealTree ├─┬ readdirp@2.1.0
63 silly idealTree │ ├── isarray@1.0.0
63 silly idealTree │ └── readable-stream@2.2.3
63 silly idealTree ├── redent@1.0.0
63 silly idealTree ├── regenerate@1.3.2
63 silly idealTree ├── regenerator-runtime@0.10.3
63 silly idealTree ├── regenerator-transform@0.9.8
63 silly idealTree ├── regex-cache@0.4.3
63 silly idealTree ├── regexpu-core@2.0.0
63 silly idealTree ├── registry-url@3.1.0
63 silly idealTree ├── regjsgen@0.2.0
63 silly idealTree ├── regjsparser@0.1.5
63 silly idealTree ├── repeat-element@1.1.2
63 silly idealTree ├── repeat-string@1.6.1
63 silly idealTree ├── repeating@2.0.1
63 silly idealTree ├── request-progress@2.0.1
63 silly idealTree ├── request@2.81.0
63 silly idealTree ├── require-directory@2.1.1
63 silly idealTree ├── require-main-filename@1.0.1
63 silly idealTree ├── right-align@0.1.3
63 silly idealTree ├── rimraf@2.6.1
63 silly idealTree ├── ripemd160@1.0.1
63 silly idealTree ├── safe-buffer@5.0.1
63 silly idealTree ├─┬ scraperjs@1.2.0
63 silly idealTree │ ├── cheerio@0.19.0
63 silly idealTree │ ├── css-select@1.0.0
63 silly idealTree │ ├── css-what@1.0.0
63 silly idealTree │ ├── domutils@1.4.3
63 silly idealTree │ ├─┬ htmlparser2@3.8.3
63 silly idealTree │ │ ├── domutils@1.5.1
63 silly idealTree │ │ └── entities@1.0.0
63 silly idealTree │ └── phantom@0.8.4
63 silly idealTree ├── semver-diff@2.1.0
63 silly idealTree ├── semver@5.3.0
63 silly idealTree ├── send@0.15.1
63 silly idealTree ├── serve-static@1.12.1
63 silly idealTree ├── set-blocking@2.0.0
63 silly idealTree ├── set-immediate-shim@1.0.1
63 silly idealTree ├── setimmediate@1.0.5
63 silly idealTree ├── setprototypeof@1.0.3
63 silly idealTree ├── sha.js@2.4.8
63 silly idealTree ├─┬ shoe@0.0.15
63 silly idealTree │ └── sockjs-client@0.0.0-unreleasable
63 silly idealTree ├── signal-exit@3.0.2
63 silly idealTree ├── single-line-log@1.1.2
63 silly idealTree ├── slash@1.0.0
63 silly idealTree ├── sliced@1.0.1
63 silly idealTree ├── slide@1.1.6
63 silly idealTree ├── sntp@1.0.9
63 silly idealTree ├── socket-io@1.0.0
63 silly idealTree ├─┬ socket.io-adapter@0.5.0
63 silly idealTree │ └── debug@2.3.3
63 silly idealTree ├─┬ socket.io-client@1.7.3
63 silly idealTree │ ├── component-emitter@1.2.1
63 silly idealTree │ └── debug@2.3.3
63 silly idealTree ├─┬ socket.io-parser@2.3.1
63 silly idealTree │ ├── debug@2.2.0
63 silly idealTree │ └── ms@0.7.1
63 silly idealTree ├─┬ socket.io@1.7.3
63 silly idealTree │ ├── debug@2.3.3
63 silly idealTree │ └── object-assign@4.1.0
63 silly idealTree ├── sockjs@0.3.7
63 silly idealTree ├── source-list-map@0.1.8
63 silly idealTree ├── source-map-support@0.4.11
63 silly idealTree ├── source-map@0.5.6
63 silly idealTree ├── spdx-correct@1.0.2
63 silly idealTree ├── spdx-expression-parse@1.0.4
63 silly idealTree ├── spdx-license-ids@1.2.2
63 silly idealTree ├── speedometer@0.1.4
63 silly idealTree ├── split@1.0.0
63 silly idealTree ├─┬ split2@2.1.1
63 silly idealTree │ ├── isarray@1.0.0
63 silly idealTree │ ├── readable-stream@2.2.3
63 silly idealTree │ └── through2@2.0.3
63 silly idealTree ├─┬ sshpk@1.11.0
63 silly idealTree │ └── assert-plus@1.0.0
63 silly idealTree ├── stack-trace@0.0.9
63 silly idealTree ├── statuses@1.3.1
63 silly idealTree ├─┬ stream-browserify@2.0.1
63 silly idealTree │ ├── isarray@1.0.0
63 silly idealTree │ └── readable-stream@2.2.3
63 silly idealTree ├── stream-combiner@0.0.4
63 silly idealTree ├─┬ stream-http@2.6.3
63 silly idealTree │ ├── isarray@1.0.0
63 silly idealTree │ └── readable-stream@2.2.3
63 silly idealTree ├── stream-shift@1.0.0
63 silly idealTree ├── string_decoder@0.10.31
63 silly idealTree ├── string-length@1.0.1
63 silly idealTree ├── string-width@1.0.2
63 silly idealTree ├── stringstream@0.0.5
63 silly idealTree ├── strip-ansi@3.0.1
63 silly idealTree ├── strip-bom@2.0.0
63 silly idealTree ├── strip-indent@1.0.1
63 silly idealTree ├── strip-json-comments@2.0.1
63 silly idealTree ├── sumchecker@1.3.0
63 silly idealTree ├── supports-color@2.0.0
63 silly idealTree ├── tapable@0.2.6
63 silly idealTree ├─┬ tapic@4.0.4
63 silly idealTree │ └── ws@1.1.2
63 silly idealTree ├── throttleit@1.0.0
63 silly idealTree ├── through@2.3.8
63 silly idealTree ├─┬ through2@0.2.3
63 silly idealTree │ └── xtend@2.1.2
63 silly idealTree ├── timed-out@2.0.0
63 silly idealTree ├── timers-browserify@2.0.2
63 silly idealTree ├─┬ tmi.js@1.1.2
63 silly idealTree │ ├── async@2.1.5
63 silly idealTree │ ├── bl@1.1.2
63 silly idealTree │ ├── caseless@0.11.0
63 silly idealTree │ ├── form-data@1.0.1
63 silly idealTree │ ├── har-validator@2.0.6
63 silly idealTree │ ├── isarray@1.0.0
63 silly idealTree │ ├── lodash@4.17.4
63 silly idealTree │ ├── node-uuid@1.4.7
63 silly idealTree │ ├── punycode@1.3.2
63 silly idealTree │ ├── qs@6.2.3
63 silly idealTree │ ├── readable-stream@2.0.6
63 silly idealTree │ ├── request@2.74.0
63 silly idealTree │ └── tunnel-agent@0.4.3
63 silly idealTree ├── to-array@0.1.4
63 silly idealTree ├── to-arraybuffer@1.0.1
63 silly idealTree ├── to-fast-properties@1.0.2
63 silly idealTree ├── touch@1.0.0
63 silly idealTree ├── tough-cookie@2.3.2
63 silly idealTree ├── traverse@0.6.6
63 silly idealTree ├── trim-newlines@1.0.0
63 silly idealTree ├── trim-right@1.0.1
63 silly idealTree ├── tty-browserify@0.0.0
63 silly idealTree ├── tunnel-agent@0.6.0
63 silly idealTree ├── tweetnacl@0.14.5
63 silly idealTree ├── type-is@1.6.14
63 silly idealTree ├── typedarray@0.0.6
63 silly idealTree ├── ua-parser-js@0.7.12
63 silly idealTree ├─┬ uglify-js@2.8.12
63 silly idealTree │ ├── camelcase@1.2.1
63 silly idealTree │ └── yargs@3.10.0
63 silly idealTree ├── uglify-to-browserify@1.0.2
63 silly idealTree ├── ultron@1.0.2
63 silly idealTree ├── undefsafe@0.0.3
63 silly idealTree ├── unpipe@1.0.0
63 silly idealTree ├─┬ update-notifier@0.5.0
63 silly idealTree │ └── repeating@1.1.3
63 silly idealTree ├─┬ url@0.11.0
63 silly idealTree │ └── punycode@1.3.2
63 silly idealTree ├── util-deprecate@1.0.2
63 silly idealTree ├─┬ util@0.10.3
63 silly idealTree │ └── inherits@2.0.1
63 silly idealTree ├── utils-merge@1.0.0
63 silly idealTree ├── uuid@3.0.1
63 silly idealTree ├── validate-npm-package-license@3.0.1
63 silly idealTree ├── vary@1.1.0
63 silly idealTree ├── verror@1.3.6
63 silly idealTree ├── vm-browserify@0.0.4
63 silly idealTree ├─┬ watchpack@1.3.1
63 silly idealTree │ ├── async@2.1.5
63 silly idealTree │ └── lodash@4.17.4
63 silly idealTree ├── weak@1.0.1
63 silly idealTree ├── webpack-sources@0.1.5
63 silly idealTree ├─┬ webpack@2.2.1
63 silly idealTree │ ├── async@2.1.5
63 silly idealTree │ ├── lodash@4.17.4
63 silly idealTree │ └── supports-color@3.2.3
63 silly idealTree ├── webpage@0.3.0
63 silly idealTree ├── whatwg-fetch@2.0.3
63 silly idealTree ├── which-module@1.0.0
63 silly idealTree ├── which@1.2.12
63 silly idealTree ├── win-spawn@2.0.0
63 silly idealTree ├── window-size@0.1.0
63 silly idealTree ├─┬ winston@2.3.1
63 silly idealTree │ └── async@1.0.0
63 silly idealTree ├── wordwrap@0.0.2
63 silly idealTree ├── wrap-ansi@2.1.0
63 silly idealTree ├── wrappy@1.0.2
63 silly idealTree ├── write-file-atomic@1.3.1
63 silly idealTree ├── ws@1.0.1
63 silly idealTree ├── wtf-8@1.0.0
63 silly idealTree ├── xdg-basedir@2.0.0
63 silly idealTree ├── xmlhttprequest-ssl@1.5.3
63 silly idealTree ├── xtend@4.0.1
63 silly idealTree ├── y18n@3.2.1
63 silly idealTree ├── yallist@2.0.0
63 silly idealTree ├─┬ yargs-parser@4.2.1
63 silly idealTree │ └── camelcase@3.0.0
63 silly idealTree ├─┬ yargs@6.6.0
63 silly idealTree │ ├── camelcase@3.0.0
63 silly idealTree │ └── cliui@3.2.0
63 silly idealTree ├── yauzl@2.4.1
63 silly idealTree └── yeast@0.1.2
64 silly generateActionsToTake Starting
65 silly install generateActionsToTake
66 silly generateActionsToTake Finishing
67 silly diffTrees action count 1
68 silly diffTrees add node-icu-charset-detector@0.2.0
69 silly decomposeActions action count 8
70 silly decomposeActions fetch node-icu-charset-detector@0.2.0
71 silly decomposeActions extract node-icu-charset-detector@0.2.0
72 silly decomposeActions test node-icu-charset-detector@0.2.0
73 silly decomposeActions preinstall node-icu-charset-detector@0.2.0
74 silly decomposeActions build node-icu-charset-detector@0.2.0
75 silly decomposeActions install node-icu-charset-detector@0.2.0
76 silly decomposeActions postinstall node-icu-charset-detector@0.2.0
77 silly decomposeActions finalize node-icu-charset-detector@0.2.0
78 silly runTopLevelLifecycles Starting
79 silly executeActions Starting
80 silly install executeActions
81 silly doSerial global-install 0
82 silly doParallel fetch 1
83 verbose correctMkdir /Users/danpark487/.npm/_locks correctMkdir not in flight; initializing
84 verbose lock using /Users/danpark487/.npm/_locks/staging-d6d5e4c5cd326d22.lock for /Users/danpark487/Documents/projects/stackathon/node_modules/.staging
85 silly doParallel extract 1
86 silly extract node-icu-charset-detector@0.2.0
87 verbose unbuild node_modules/.staging/node-icu-charset-detector-9779329c
88 silly gentlyRm /Users/danpark487/Documents/projects/stackathon/node_modules/.staging/node-icu-charset-detector-9779329c is being purged from base /Users/danpark487/Documents/projects/stackathon
89 verbose gentlyRm don't care about contents; nuking /Users/danpark487/Documents/projects/stackathon/node_modules/.staging/node-icu-charset-detector-9779329c
90 verbose tar unpack /Users/danpark487/.npm/node-icu-charset-detector/0.2.0/package.tgz
91 verbose tar unpacking to /Users/danpark487/Documents/projects/stackathon/node_modules/.staging/node-icu-charset-detector-9779329c
92 silly gentlyRm /Users/danpark487/Documents/projects/stackathon/node_modules/.staging/node-icu-charset-detector-9779329c is being purged
93 verbose gentlyRm don't care about contents; nuking /Users/danpark487/Documents/projects/stackathon/node_modules/.staging/node-icu-charset-detector-9779329c
94 silly gunzTarPerm modes [ '755', '644' ]
95 silly gunzTarPerm extractEntry package.json
96 silly gunzTarPerm modified mode [ 'package.json', 436, 420 ]
97 silly gunzTarPerm extractEntry .npmignore
98 silly gunzTarPerm modified mode [ '.npmignore', 436, 420 ]
99 silly gunzTarPerm extractEntry README.md
100 silly gunzTarPerm modified mode [ 'README.md', 436, 420 ]
101 silly gunzTarPerm extractEntry LICENSE
102 silly gunzTarPerm modified mode [ 'LICENSE', 436, 420 ]
103 silly gunzTarPerm extractEntry node-icu-charset-detector.js
104 silly gunzTarPerm modified mode [ 'node-icu-charset-detector.js', 436, 420 ]
105 silly gunzTarPerm extractEntry binding.gyp
106 silly gunzTarPerm modified mode [ 'binding.gyp', 436, 420 ]
107 silly gunzTarPerm extractEntry build.sh
108 silly gunzTarPerm modified mode [ 'build.sh', 509, 493 ]
109 silly gunzTarPerm extractEntry node-icu-charset-detector.cpp
110 silly gunzTarPerm modified mode [ 'node-icu-charset-detector.cpp', 436, 420 ]
111 silly gunzTarPerm extractEntry test/wscript
112 silly gunzTarPerm modified mode [ 'test/wscript', 436, 420 ]
113 silly gunzTarPerm extractEntry wscript
114 silly gunzTarPerm modified mode [ 'wscript', 436, 420 ]
115 silly gentlyRm /Users/danpark487/Documents/projects/stackathon/node_modules/.staging/node-icu-charset-detector-9779329c/node_modules is being purged
116 verbose gentlyRm don't care about contents; nuking /Users/danpark487/Documents/projects/stackathon/node_modules/.staging/node-icu-charset-detector-9779329c/node_modules
117 silly doParallel preinstall 1
118 silly preinstall node-icu-charset-detector@0.2.0 /Users/danpark487/Documents/projects/stackathon/node_modules/.staging/node-icu-charset-detector-9779329c
119 info lifecycle node-icu-charset-detector@0.2.0~preinstall: node-icu-charset-detector@0.2.0
120 silly lifecycle node-icu-charset-detector@0.2.0~preinstall: no script for preinstall, continuing
121 silly doReverseSerial remove 0
122 silly doSerial move 0
123 silly doSerial finalize 1
124 silly finalize /Users/danpark487/Documents/projects/stackathon/node_modules/node-icu-charset-detector
125 silly doSerial build 1
126 silly build node-icu-charset-detector@0.2.0
127 info linkStuff node-icu-charset-detector@0.2.0
128 silly linkStuff node-icu-charset-detector@0.2.0 has /Users/danpark487/Documents/projects/stackathon/node_modules as its parent node_modules
129 verbose linkBins node-icu-charset-detector@0.2.0
130 verbose linkMans node-icu-charset-detector@0.2.0
131 silly doSerial global-link 0
132 silly doParallel update-linked 0
133 silly doSerial install 1
134 silly install node-icu-charset-detector@0.2.0 /Users/danpark487/Documents/projects/stackathon/node_modules/.staging/node-icu-charset-detector-9779329c
135 info lifecycle node-icu-charset-detector@0.2.0~install: node-icu-charset-detector@0.2.0
136 verbose lifecycle node-icu-charset-detector@0.2.0~install: unsafe-perm in lifecycle true
137 verbose lifecycle node-icu-charset-detector@0.2.0~install: PATH: /usr/local/lib/node_modules/npm/bin/node-gyp-bin:/Users/danpark487/Documents/projects/stackathon/node_modules/node-icu-charset-detector/node_modules/.bin:/Users/danpark487/Documents/projects/stackathon/node_modules/.bin:/usr/local/bin:/usr/bin:/bin:/usr/sbin:/sbin:/Applications/Postgres.app/Contents/Versions/latest/bin
138 verbose lifecycle node-icu-charset-detector@0.2.0~install: CWD: /Users/danpark487/Documents/projects/stackathon/node_modules/node-icu-charset-detector
139 silly lifecycle node-icu-charset-detector@0.2.0~install: Args: [ '-c', 'node-gyp rebuild' ]
140 silly lifecycle node-icu-charset-detector@0.2.0~install: Returned: code: 1  signal: null
141 info lifecycle node-icu-charset-detector@0.2.0~install: Failed to exec install script
142 verbose unlock done using /Users/danpark487/.npm/_locks/staging-d6d5e4c5cd326d22.lock for /Users/danpark487/Documents/projects/stackathon/node_modules/.staging
143 silly rollbackFailedOptional Starting
144 silly rollbackFailedOptional Finishing
145 silly runTopLevelLifecycles Finishing
146 silly install printInstalled
147 warn stackathon@1.0.0 No description
148 verbose If you need help, you may report this error at:
148 verbose     <https://github.com/npm/npm/issues>
149 warn stackathon@1.0.0 No repository field.
150 verbose If you need help, you may report this error at:
150 verbose     <https://github.com/npm/npm/issues>
151 verbose stack Error: node-icu-charset-detector@0.2.0 install: `node-gyp rebuild`
151 verbose stack Exit status 1
151 verbose stack     at EventEmitter.<anonymous> (/usr/local/lib/node_modules/npm/lib/utils/lifecycle.js:255:16)
151 verbose stack     at emitTwo (events.js:106:13)
151 verbose stack     at EventEmitter.emit (events.js:191:7)
151 verbose stack     at ChildProcess.<anonymous> (/usr/local/lib/node_modules/npm/lib/utils/spawn.js:40:14)
151 verbose stack     at emitTwo (events.js:106:13)
151 verbose stack     at ChildProcess.emit (events.js:191:7)
151 verbose stack     at maybeClose (internal/child_process.js:877:16)
151 verbose stack     at Process.ChildProcess._handle.onexit (internal/child_process.js:226:5)
152 verbose pkgid node-icu-charset-detector@0.2.0
153 verbose cwd /Users/danpark487/Documents/projects/stackathon
154 error Darwin 16.4.0
155 error argv "/usr/local/bin/node" "/usr/local/bin/npm" "install" "node-icu-charset-detector"
156 error node v6.9.1
157 error npm  v3.10.8
158 error code ELIFECYCLE
159 error node-icu-charset-detector@0.2.0 install: `node-gyp rebuild`
159 error Exit status 1
160 error Failed at the node-icu-charset-detector@0.2.0 install script 'node-gyp rebuild'.
160 error Make sure you have the latest version of node.js and npm installed.
160 error If you do, this is most likely a problem with the node-icu-charset-detector package,
160 error not with npm itself.
160 error Tell the author that this fails on your system:
160 error     node-gyp rebuild
160 error You can get information on how to open an issue for this project with:
160 error     npm bugs node-icu-charset-detector
160 error Or if that isn't available, you can get their info via:
160 error     npm owner ls node-icu-charset-detector
160 error There is likely additional logging output above.
161 verbose exit [ 1, true ]
